TN:
SF:src/App.tsx
FN:26,RouteFallback
FN:38,SuspensePage
FN:42,AppContent
FN:68,App
FNF:4
FNH:4
FNDA:2,RouteFallback
FNDA:2,SuspensePage
FNDA:2,AppContent
FNDA:2,App
DA:1,1
DA:2,1
DA:3,1
DA:4,1
DA:5,1
DA:6,1
DA:7,1
DA:8,1
DA:9,1
DA:10,1
DA:11,1
DA:12,1
DA:13,1
DA:14,1
DA:15,1
DA:16,1
DA:17,1
DA:18,1
DA:19,1
DA:20,1
DA:21,1
DA:22,1
DA:23,1
DA:24,1
DA:25,1
DA:26,2
DA:27,2
DA:28,2
DA:29,2
DA:30,2
DA:31,2
DA:32,2
DA:33,2
DA:34,2
DA:35,2
DA:36,2
DA:37,1
DA:38,2
DA:39,2
DA:40,2
DA:41,1
DA:42,2
DA:43,2
DA:44,2
DA:45,2
DA:46,2
DA:47,1
DA:48,1
DA:49,1
DA:50,1
DA:51,1
DA:52,1
DA:53,1
DA:54,1
DA:55,1
DA:56,1
DA:57,1
DA:58,1
DA:59,1
DA:60,2
DA:61,2
DA:62,2
DA:63,2
DA:64,2
DA:65,2
DA:66,2
DA:67,1
DA:68,2
DA:69,2
DA:70,2
DA:71,2
DA:72,2
DA:73,2
DA:74,2
DA:75,2
DA:76,2
LF:76
LH:76
BRDA:9,0,0,1
BRDA:10,1,0,1
BRDA:26,2,0,2
BRDA:38,3,0,2
BRDA:42,4,0,2
BRDA:46,5,0,1
BRDA:60,6,0,0
BRDA:61,7,0,0
BRDA:62,8,0,1
BRDA:68,9,0,2
BRF:10
BRH:8
end_of_record
TN:
SF:src/csrf.ts
FN:5,bootstrapCsrfToken
FN:17,csrfToken
FN:23,getCsrfFromCookie
FN:28,csrfHeaders
FN:36,ensureCsrfHeaders
FNF:5
FNH:4
FNDA:1,bootstrapCsrfToken
FNDA:0,csrfToken
FNDA:38,getCsrfFromCookie
FNDA:44,csrfHeaders
FNDA:6,ensureCsrfHeaders
DA:1,1
DA:2,1
DA:3,1
DA:4,1
DA:5,1
DA:6,1
DA:7,1
DA:8,1
DA:9,1
DA:10,0
DA:11,0
DA:12,0
DA:13,1
DA:14,1
DA:15,1
DA:16,1
DA:17,0
DA:18,0
DA:19,1
DA:20,0
DA:21,0
DA:22,1
DA:23,38
DA:24,38
DA:25,38
DA:26,38
DA:27,1
DA:28,1
DA:29,44
DA:30,44
DA:31,44
DA:32,1
DA:33,1
DA:34,1
DA:35,1
DA:36,6
DA:37,6
DA:38,6
DA:39,6
LF:39
LH:32
BRDA:5,0,0,1
BRDA:9,1,0,0
BRDA:14,2,0,0
BRDA:16,3,0,0
BRDA:19,4,0,0
BRDA:23,5,0,38
BRDA:25,6,0,0
BRDA:28,7,0,44
BRDA:29,8,0,38
BRDA:30,9,0,6
BRDA:30,10,0,38
BRDA:36,11,0,6
BRDA:37,12,0,1
BRF:13
BRH:8
end_of_record
TN:
SF:src/index.tsx
FN:1,(empty-report)
FNF:1
FNH:0
FNDA:0,(empty-report)
DA:1,0
DA:2,0
DA:3,0
DA:4,0
DA:5,0
DA:6,0
DA:7,0
DA:8,0
DA:9,0
DA:10,0
DA:11,0
DA:12,0
DA:13,0
DA:14,0
DA:15,0
DA:16,0
DA:17,0
DA:18,0
DA:19,0
DA:20,0
DA:21,0
DA:22,0
DA:23,0
DA:24,0
DA:25,0
DA:26,0
DA:27,0
DA:28,0
LF:28
LH:0
BRDA:1,0,0,0
BRF:1
BRH:0
end_of_record
TN:
SF:src/types.ts
FN:1,(empty-report)
FNF:1
FNH:0
FNDA:0,(empty-report)
DA:1,0
DA:2,0
DA:3,0
DA:4,0
DA:5,0
DA:6,0
DA:7,0
DA:8,0
DA:9,0
DA:10,0
DA:11,0
DA:12,0
DA:13,0
DA:14,0
DA:15,0
DA:16,0
DA:17,0
DA:18,0
DA:19,0
DA:20,0
DA:21,0
DA:22,0
DA:23,0
DA:24,0
DA:25,0
DA:26,0
DA:27,0
DA:28,0
DA:29,0
DA:30,0
DA:31,0
DA:32,0
DA:33,0
DA:34,0
DA:35,0
DA:36,0
DA:37,0
DA:38,0
DA:39,0
DA:40,0
DA:41,0
DA:42,0
DA:43,0
DA:44,0
DA:45,0
DA:46,0
DA:47,0
DA:48,0
DA:49,0
DA:50,0
DA:51,0
DA:52,0
DA:53,0
DA:54,0
DA:55,0
DA:56,0
DA:57,0
DA:58,0
DA:59,0
DA:60,0
DA:61,0
DA:62,0
DA:63,0
DA:64,0
DA:65,0
DA:66,0
DA:67,0
DA:68,0
DA:69,0
DA:70,0
DA:71,0
DA:72,0
LF:72
LH:0
BRDA:1,0,0,0
BRF:1
BRH:0
end_of_record
TN:
SF:src/components/AdminSidebar.tsx
FN:1,(empty-report)
FNF:1
FNH:0
FNDA:0,(empty-report)
DA:1,0
DA:2,0
DA:3,0
DA:4,0
DA:5,0
DA:6,0
DA:7,0
DA:8,0
DA:9,0
DA:10,0
DA:11,0
DA:12,0
DA:13,0
DA:14,0
DA:15,0
DA:16,0
DA:17,0
DA:18,0
DA:19,0
DA:20,0
DA:21,0
DA:22,0
DA:23,0
DA:24,0
DA:25,0
DA:26,0
DA:27,0
DA:28,0
DA:29,0
DA:30,0
DA:31,0
DA:32,0
DA:33,0
DA:34,0
DA:35,0
DA:36,0
LF:36
LH:0
BRDA:1,0,0,0
BRF:1
BRH:0
end_of_record
TN:
SF:src/components/AgentModeToggle.tsx
FN:6,AgentModeToggle
FN:10,onClick
FN:21,onClick
FNF:3
FNH:2
FNDA:121,AgentModeToggle
FNDA:0,onClick
FNDA:2,onClick
DA:1,1
DA:2,1
DA:3,1
DA:4,1
DA:5,1
DA:6,121
DA:7,121
DA:8,121
DA:9,121
DA:10,121
DA:11,121
DA:12,121
DA:13,85
DA:14,36
DA:15,121
DA:16,121
DA:17,121
DA:18,121
DA:19,121
DA:20,121
DA:21,121
DA:22,121
DA:23,121
DA:24,36
DA:25,85
DA:26,121
DA:27,121
DA:28,121
DA:29,121
DA:30,121
DA:31,121
DA:32,121
DA:33,121
DA:34,121
DA:35,121
DA:36,121
DA:37,121
DA:38,121
DA:39,121
DA:40,121
DA:41,121
DA:42,121
DA:43,121
DA:44,36
DA:45,36
DA:46,36
DA:47,121
DA:48,121
DA:49,121
DA:50,121
LF:50
LH:50
BRDA:6,0,0,121
BRDA:12,1,0,85
BRDA:13,2,0,36
BRDA:23,3,0,36
BRDA:24,4,0,85
BRDA:43,5,0,36
BRDA:21,6,0,2
BRF:7
BRH:7
end_of_record
TN:
SF:src/components/AppBar.tsx
FN:7,AppBar
FNF:1
FNH:1
FNDA:121,AppBar
DA:1,1
DA:2,1
DA:3,1
DA:4,1
DA:5,1
DA:6,1
DA:7,121
DA:8,121
DA:9,121
DA:10,121
DA:11,121
DA:12,121
DA:13,121
DA:14,121
DA:15,121
DA:16,121
DA:17,121
DA:18,121
DA:19,121
DA:20,121
DA:21,121
DA:22,121
DA:23,121
DA:24,121
DA:25,121
DA:26,121
DA:27,121
DA:28,121
DA:29,121
DA:30,121
DA:31,121
DA:32,121
DA:33,121
DA:34,121
DA:35,121
DA:36,121
DA:37,121
DA:38,121
DA:39,121
DA:40,121
DA:41,121
DA:42,121
DA:43,121
DA:44,121
DA:45,121
DA:46,121
DA:47,121
DA:48,121
DA:49,121
DA:50,121
DA:51,121
DA:52,121
DA:53,121
DA:54,121
DA:55,121
DA:56,121
DA:57,121
DA:58,121
DA:59,121
DA:60,121
DA:61,121
DA:62,121
DA:63,121
DA:64,121
DA:65,121
DA:66,121
DA:67,121
DA:68,121
DA:69,121
DA:70,121
DA:71,121
LF:71
LH:71
BRDA:7,0,0,121
BRDA:8,1,0,0
BRF:2
BRH:1
end_of_record
TN:
SF:src/components/AuditLogTable.tsx
FN:1,(empty-report)
FNF:1
FNH:0
FNDA:0,(empty-report)
DA:1,0
DA:2,0
DA:3,0
DA:4,0
DA:5,0
DA:6,0
DA:7,0
DA:8,0
DA:9,0
DA:10,0
DA:11,0
DA:12,0
DA:13,0
DA:14,0
DA:15,0
DA:16,0
DA:17,0
DA:18,0
DA:19,0
DA:20,0
DA:21,0
DA:22,0
DA:23,0
DA:24,0
DA:25,0
DA:26,0
DA:27,0
DA:28,0
DA:29,0
DA:30,0
DA:31,0
DA:32,0
DA:33,0
DA:34,0
DA:35,0
DA:36,0
DA:37,0
DA:38,0
DA:39,0
DA:40,0
DA:41,0
DA:42,0
DA:43,0
DA:44,0
DA:45,0
DA:46,0
DA:47,0
DA:48,0
DA:49,0
DA:50,0
DA:51,0
DA:52,0
DA:53,0
DA:54,0
DA:55,0
DA:56,0
DA:57,0
DA:58,0
DA:59,0
DA:60,0
DA:61,0
DA:62,0
DA:63,0
DA:64,0
DA:65,0
DA:66,0
DA:67,0
DA:68,0
DA:69,0
DA:70,0
DA:71,0
DA:72,0
DA:73,0
DA:74,0
DA:75,0
DA:76,0
DA:77,0
DA:78,0
DA:79,0
DA:80,0
DA:81,0
DA:82,0
DA:83,0
DA:84,0
DA:85,0
DA:86,0
DA:87,0
DA:88,0
DA:89,0
DA:90,0
DA:91,0
DA:92,0
DA:93,0
DA:94,0
DA:95,0
DA:96,0
DA:97,0
DA:98,0
DA:99,0
DA:100,0
DA:101,0
DA:102,0
DA:103,0
DA:104,0
DA:105,0
DA:106,0
DA:107,0
DA:108,0
LF:108
LH:0
BRDA:1,0,0,0
BRF:1
BRH:0
end_of_record
TN:
SF:src/components/DeleteConfirmDialog.tsx
FN:9,DeleteConfirmDialog
FN:22,onClick
FNF:2
FNH:1
FNDA:121,DeleteConfirmDialog
FNDA:0,onClick
DA:1,1
DA:2,1
DA:3,1
DA:4,1
DA:5,1
DA:6,1
DA:7,1
DA:8,1
DA:9,121
DA:10,121
DA:11,121
DA:12,121
DA:13,121
DA:14,121
DA:15,121
DA:16,121
DA:17,0
DA:18,0
DA:19,0
DA:20,0
DA:21,0
DA:22,0
DA:23,0
DA:24,0
DA:25,0
DA:26,0
DA:27,0
DA:28,0
DA:29,0
DA:30,0
DA:31,0
DA:32,0
DA:33,0
DA:34,0
DA:35,0
DA:36,0
DA:37,0
DA:38,0
DA:39,0
DA:40,0
DA:41,0
DA:42,0
DA:43,0
DA:44,0
DA:45,0
DA:46,0
DA:47,0
DA:48,0
DA:49,0
DA:50,0
DA:51,0
DA:52,121
DA:53,121
DA:54,121
DA:55,121
DA:56,121
DA:57,121
DA:58,121
LF:58
LH:23
BRDA:9,0,0,121
BRDA:16,1,0,0
BRDA:52,2,0,0
BRF:3
BRH:1
end_of_record
TN:
SF:src/components/DocumentMenu.tsx
FN:11,DocumentMenu
FN:17,handleClickOutside
FN:29,onClick
FN:46,onClick
FN:60,onClick
FN:75,onClick
FNF:6
FNH:1
FNDA:13,DocumentMenu
FNDA:0,handleClickOutside
FNDA:0,onClick
FNDA:0,onClick
FNDA:0,onClick
FNDA:0,onClick
DA:1,1
DA:2,1
DA:3,1
DA:4,1
DA:5,1
DA:6,1
DA:7,1
DA:8,1
DA:9,1
DA:10,1
DA:11,13
DA:12,13
DA:13,13
DA:14,13
DA:15,13
DA:16,12
DA:17,0
DA:18,0
DA:19,0
DA:20,0
DA:21,0
DA:22,0
DA:23,0
DA:24,13
DA:25,13
DA:26,13
DA:27,13
DA:28,13
DA:29,13
DA:30,0
DA:31,0
DA:32,0
DA:33,13
DA:34,13
DA:35,13
DA:36,13
DA:37,13
DA:38,13
DA:39,13
DA:40,13
DA:41,13
DA:42,13
DA:43,13
DA:44,0
DA:45,0
DA:46,0
DA:47,0
DA:48,0
DA:49,0
DA:50,0
DA:51,0
DA:52,0
DA:53,0
DA:54,0
DA:55,0
DA:56,0
DA:57,0
DA:58,0
DA:59,0
DA:60,0
DA:61,0
DA:62,0
DA:63,0
DA:64,0
DA:65,0
DA:66,0
DA:67,0
DA:68,0
DA:69,0
DA:70,0
DA:71,0
DA:72,0
DA:73,0
DA:74,0
DA:75,0
DA:76,0
DA:77,0
DA:78,0
DA:79,0
DA:80,0
DA:81,0
DA:82,0
DA:83,0
DA:84,0
DA:85,0
DA:86,0
DA:87,0
DA:88,0
DA:89,13
DA:90,13
DA:91,13
DA:92,13
LF:92
LH:37
BRDA:11,0,0,13
BRDA:43,1,0,0
BRDA:15,2,0,12
BRDA:16,3,0,0
BRF:4
BRH:2
end_of_record
TN:
SF:src/components/DocumentViewer.tsx
FN:19,DocumentViewer
FN:33,queryFn
FNF:2
FNH:2
FNDA:7,DocumentViewer
FNDA:4,queryFn
DA:1,1
DA:2,1
DA:3,1
DA:4,1
DA:5,1
DA:6,1
DA:7,1
DA:8,1
DA:9,1
DA:10,1
DA:11,1
DA:12,1
DA:13,1
DA:14,1
DA:15,1
DA:16,1
DA:17,1
DA:18,1
DA:19,7
DA:20,7
DA:21,7
DA:22,7
DA:23,7
DA:24,7
DA:25,7
DA:26,7
DA:27,7
DA:28,7
DA:29,7
DA:30,7
DA:31,7
DA:32,7
DA:33,7
DA:34,4
DA:35,4
DA:36,4
DA:37,4
DA:38,3
DA:39,4
DA:40,7
DA:41,7
DA:42,7
DA:43,7
DA:44,7
DA:45,7
DA:46,7
DA:47,7
DA:48,7
DA:49,7
DA:50,7
DA:51,7
DA:52,7
DA:53,7
DA:54,7
DA:55,7
DA:56,7
DA:57,7
DA:58,7
DA:59,7
DA:60,7
DA:61,7
DA:62,7
DA:63,7
DA:64,2
DA:65,2
DA:66,2
DA:67,7
DA:68,7
DA:69,7
DA:70,7
DA:71,7
DA:72,7
DA:73,7
DA:74,7
DA:75,7
DA:76,7
DA:77,7
DA:78,7
DA:79,7
DA:80,7
DA:81,7
DA:82,7
DA:83,4
DA:84,4
DA:85,4
DA:86,4
DA:87,7
DA:88,7
DA:89,1
DA:90,1
DA:91,1
DA:92,1
DA:93,1
DA:94,1
DA:95,7
DA:96,7
DA:97,7
DA:98,2
DA:99,2
DA:100,0
DA:101,0
DA:102,0
DA:103,0
DA:104,2
DA:105,2
DA:106,1
DA:107,1
DA:108,1
DA:109,1
DA:110,1
DA:111,2
DA:112,2
DA:113,2
DA:114,2
DA:115,2
DA:116,2
DA:117,2
DA:118,2
DA:119,2
DA:120,2
DA:121,2
DA:122,2
DA:123,2
DA:124,2
DA:125,1
DA:126,1
DA:127,2
DA:128,2
DA:129,2
DA:130,2
DA:131,2
DA:132,2
DA:133,2
DA:134,2
DA:135,1
DA:136,1
DA:137,1
DA:138,2
DA:139,2
DA:140,2
DA:141,2
DA:142,2
DA:143,2
DA:144,2
DA:145,1
DA:146,2
DA:147,2
DA:148,7
DA:149,7
DA:150,7
DA:151,7
DA:152,7
LF:152
LH:148
BRDA:19,0,0,7
BRDA:43,1,0,2
BRDA:43,2,0,1
BRDA:43,3,0,6
BRDA:43,4,0,1
BRDA:43,5,0,5
BRDA:62,6,0,2
BRDA:62,7,0,1
BRDA:63,8,0,2
BRDA:65,9,0,1
BRDA:82,10,0,4
BRDA:88,11,0,1
BRDA:97,12,0,2
BRDA:99,13,0,0
BRDA:105,14,0,1
BRDA:108,15,0,1
BRDA:33,16,0,4
BRDA:35,17,0,0
BRDA:37,18,0,1
BRDA:37,19,0,3
BRDA:110,20,0,2
BRDA:112,21,0,0
BRDA:113,22,0,1
BRDA:113,23,0,1
BRDA:114,24,0,1
BRDA:114,25,0,1
BRDA:124,26,0,1
BRDA:125,27,0,1
BRDA:128,28,0,1
BRDA:132,29,0,0
BRDA:134,30,0,1
BRF:31
BRH:27
end_of_record
TN:
SF:src/components/ErrorBoundary.tsx
FN:16,<instance_members_initializer>
FN:21,getDerivedStateFromError
FN:25,componentDidCatch
FN:29,handleReset
FN:33,render
FNF:5
FNH:5
FNDA:8,<instance_members_initializer>
FNDA:8,getDerivedStateFromError
FNDA:4,componentDidCatch
FNDA:1,handleReset
FNDA:18,render
DA:1,1
DA:2,1
DA:3,1
DA:4,1
DA:5,1
DA:6,1
DA:7,1
DA:8,1
DA:9,1
DA:10,1
DA:11,1
DA:12,1
DA:13,1
DA:14,1
DA:15,1
DA:16,1
DA:17,8
DA:18,8
DA:19,8
DA:20,8
DA:21,8
DA:22,8
DA:23,8
DA:24,8
DA:25,8
DA:26,4
DA:27,4
DA:28,8
DA:29,8
DA:30,1
DA:31,1
DA:32,1
DA:33,1
DA:34,18
DA:35,8
DA:36,2
DA:37,2
DA:38,6
DA:39,6
DA:40,6
DA:41,6
DA:42,6
DA:43,6
DA:44,6
DA:45,6
DA:46,6
DA:47,6
DA:48,6
DA:49,6
DA:50,6
DA:51,6
DA:52,6
DA:53,6
DA:54,6
DA:55,6
DA:56,6
DA:57,8
DA:58,8
DA:59,8
DA:60,8
DA:61,8
DA:62,8
DA:63,8
DA:64,8
DA:65,8
DA:66,8
DA:67,8
DA:68,10
DA:69,10
DA:70,18
DA:71,1
DA:72,1
DA:73,1
LF:73
LH:73
BRDA:16,0,0,8
BRDA:21,1,0,8
BRDA:25,2,0,4
BRDA:29,3,0,1
BRDA:33,4,0,18
BRDA:34,5,0,8
BRDA:35,6,0,2
BRDA:37,7,0,6
BRDA:67,8,0,10
BRF:9
BRH:9
end_of_record
TN:
SF:src/components/EvidenceState.tsx
FN:15,EvidenceState
FNF:1
FNH:1
FNDA:24,EvidenceState
DA:1,1
DA:2,1
DA:3,1
DA:4,1
DA:5,1
DA:6,1
DA:7,1
DA:8,1
DA:9,1
DA:10,1
DA:11,1
DA:12,1
DA:13,1
DA:14,1
DA:15,24
DA:16,24
DA:17,6
DA:18,24
DA:19,1
DA:20,1
DA:21,1
DA:22,1
DA:23,1
DA:24,1
DA:25,1
DA:26,1
DA:27,1
DA:28,1
DA:29,1
DA:30,1
DA:31,1
DA:32,1
DA:33,5
DA:34,24
DA:35,1
DA:36,1
DA:37,1
DA:38,1
DA:39,1
DA:40,1
DA:41,1
DA:42,1
DA:43,1
DA:44,1
DA:45,1
DA:46,1
DA:47,1
DA:48,4
DA:49,4
DA:50,4
DA:51,3
DA:52,1
DA:53,0
DA:54,1
DA:55,1
DA:56,0
DA:57,24
DA:58,24
DA:59,24
DA:60,24
DA:61,24
DA:62,24
DA:63,24
DA:64,24
DA:65,24
DA:66,24
DA:67,24
DA:68,24
DA:69,4
DA:70,4
DA:71,4
DA:72,24
DA:73,24
DA:74,24
DA:75,24
DA:76,24
DA:77,24
LF:77
LH:75
BRDA:15,0,0,24
BRDA:16,1,0,18
BRDA:16,2,0,6
BRDA:18,3,0,1
BRDA:32,4,0,5
BRDA:34,5,0,1
BRDA:47,6,0,7
BRDA:47,7,0,4
BRDA:50,8,0,3
BRDA:51,9,0,1
BRDA:52,10,0,0
BRDA:55,11,0,0
BRDA:68,12,0,4
BRDA:73,13,0,1
BRDA:74,14,0,0
BRF:15
BRH:12
end_of_record
TN:
SF:src/components/MessageBubble.tsx
FN:12,AssistantAvatar
FN:26,TypingDots
FN:37,UserAvatar
FN:48,MessageBubble
FN:76,a
FNF:5
FNH:5
FNDA:44,AssistantAvatar
FNDA:24,TypingDots
FNDA:33,UserAvatar
FNDA:77,MessageBubble
FNDA:1,a
DA:1,1
DA:2,1
DA:3,1
DA:4,1
DA:5,1
DA:6,1
DA:7,1
DA:8,1
DA:9,1
DA:10,1
DA:11,1
DA:12,44
DA:13,44
DA:14,44
DA:15,44
DA:16,44
DA:17,44
DA:18,44
DA:19,44
DA:20,44
DA:21,44
DA:22,44
DA:23,44
DA:24,1
DA:25,1
DA:26,24
DA:27,24
DA:28,24
DA:29,24
DA:30,24
DA:31,24
DA:32,24
DA:33,24
DA:34,24
DA:35,1
DA:36,1
DA:37,33
DA:38,33
DA:39,33
DA:40,33
DA:41,33
DA:42,33
DA:43,33
DA:44,33
DA:45,33
DA:46,33
DA:47,1
DA:48,77
DA:49,77
DA:50,77
DA:51,77
DA:52,33
DA:53,33
DA:54,33
DA:55,33
DA:56,33
DA:57,33
DA:58,33
DA:59,33
DA:60,33
DA:61,44
DA:62,44
DA:63,44
DA:64,44
DA:65,44
DA:66,44
DA:67,20
DA:68,20
DA:69,20
DA:70,20
DA:71,20
DA:72,20
DA:73,20
DA:74,20
DA:75,20
DA:76,20
DA:77,1
DA:78,1
DA:79,1
DA:80,1
DA:81,1
DA:82,1
DA:83,20
DA:84,20
DA:85,20
DA:86,20
DA:87,20
DA:88,20
DA:89,24
DA:90,24
DA:91,77
DA:92,77
DA:93,77
DA:94,77
DA:95,77
LF:95
LH:95
BRDA:12,0,0,44
BRDA:26,1,0,24
BRDA:37,2,0,33
BRDA:48,3,0,77
BRDA:51,4,0,45
BRDA:51,5,0,33
BRDA:60,6,0,44
BRDA:66,7,0,20
BRDA:70,8,0,7
BRDA:70,9,0,13
BRDA:88,10,0,24
BRDA:76,11,0,1
BRF:12
BRH:12
end_of_record
TN:
SF:src/components/RenameDialog.tsx
FN:12,RenameDialog
FN:38,onClick
FN:47,onChange
FN:59,onChange
FN:77,onClick
FNF:5
FNH:1
FNDA:121,RenameDialog
FNDA:0,onClick
FNDA:0,onChange
FNDA:0,onChange
FNDA:0,onClick
DA:1,1
DA:2,1
DA:3,1
DA:4,1
DA:5,1
DA:6,1
DA:7,1
DA:8,1
DA:9,1
DA:10,1
DA:11,1
DA:12,121
DA:13,121
DA:14,121
DA:15,121
DA:16,121
DA:17,121
DA:18,121
DA:19,121
DA:20,121
DA:21,121
DA:22,121
DA:23,121
DA:24,16
DA:25,0
DA:26,0
DA:27,0
DA:28,121
DA:29,121
DA:30,121
DA:31,0
DA:32,0
DA:33,121
DA:34,121
DA:35,121
DA:36,121
DA:37,121
DA:38,121
DA:39,121
DA:40,121
DA:41,121
DA:42,121
DA:43,121
DA:44,121
DA:45,121
DA:46,121
DA:47,121
DA:48,121
DA:49,121
DA:50,121
DA:51,121
DA:52,121
DA:53,121
DA:54,121
DA:55,121
DA:56,121
DA:57,121
DA:58,121
DA:59,121
DA:60,121
DA:61,121
DA:62,121
DA:63,121
DA:64,121
DA:65,121
DA:66,121
DA:67,121
DA:68,121
DA:69,121
DA:70,121
DA:71,121
DA:72,121
DA:73,121
DA:74,121
DA:75,121
DA:76,121
DA:77,121
DA:78,121
DA:79,121
DA:80,121
DA:81,121
DA:82,121
DA:83,121
DA:84,121
DA:85,121
DA:86,121
LF:86
LH:81
BRDA:12,0,0,121
BRDA:30,1,0,0
BRDA:76,2,0,0
BRDA:80,3,0,0
BRDA:80,4,0,0
BRDA:23,5,0,16
BRDA:24,6,0,0
BRF:7
BRH:2
end_of_record
TN:
SF:src/components/SearchInput.tsx
FN:8,SearchInput
FN:38,onChange
FN:45,onClick
FNF:3
FNH:1
FNDA:136,SearchInput
FNDA:0,onChange
FNDA:0,onClick
DA:1,1
DA:2,1
DA:3,1
DA:4,1
DA:5,1
DA:6,1
DA:7,1
DA:8,136
DA:9,136
DA:10,136
DA:11,136
DA:12,136
DA:13,31
DA:14,31
DA:15,136
DA:16,136
DA:17,136
DA:18,136
DA:19,136
DA:20,136
DA:21,136
DA:22,136
DA:23,136
DA:24,136
DA:25,136
DA:26,136
DA:27,136
DA:28,136
DA:29,136
DA:30,136
DA:31,136
DA:32,136
DA:33,136
DA:34,136
DA:35,136
DA:36,136
DA:37,136
DA:38,136
DA:39,136
DA:40,136
DA:41,136
DA:42,136
DA:43,136
DA:44,0
DA:45,0
DA:46,0
DA:47,0
DA:48,0
DA:49,0
DA:50,0
DA:51,0
DA:52,0
DA:53,0
DA:54,136
DA:55,136
DA:56,136
DA:57,136
DA:58,0
DA:59,0
DA:60,0
DA:61,0
DA:62,0
DA:63,0
DA:64,0
DA:65,0
DA:66,0
DA:67,0
DA:68,0
DA:69,0
DA:70,0
DA:71,0
DA:72,0
DA:73,0
DA:74,0
DA:75,0
DA:76,0
DA:77,0
DA:78,0
DA:79,0
DA:80,0
DA:81,0
DA:82,0
DA:83,0
DA:84,0
DA:85,136
DA:86,136
DA:87,136
DA:88,136
LF:88
LH:51
BRDA:8,0,0,136
BRDA:43,1,0,0
BRDA:57,2,0,0
BRDA:12,3,0,31
BRDA:14,4,0,31
BRF:5
BRH:3
end_of_record
TN:
SF:src/components/SessionList.tsx
FN:8,SessionList
FNF:1
FNH:1
FNDA:146,SessionList
DA:1,1
DA:2,1
DA:3,1
DA:4,1
DA:5,1
DA:6,1
DA:7,1
DA:8,146
DA:9,146
DA:10,146
DA:11,146
DA:12,31
DA:13,31
DA:14,115
DA:15,115
DA:16,115
DA:17,115
DA:18,0
DA:19,0
DA:20,0
DA:21,0
DA:22,0
DA:23,0
DA:24,0
DA:25,0
DA:26,0
DA:27,0
DA:28,0
DA:29,0
DA:30,0
DA:31,0
DA:32,0
DA:33,0
DA:34,0
DA:35,0
DA:36,0
DA:37,0
DA:38,0
DA:39,0
DA:40,0
DA:41,0
DA:42,0
DA:43,0
DA:44,0
DA:45,0
DA:46,0
LF:46
LH:17
BRDA:8,0,0,146
BRDA:11,1,0,31
BRDA:13,2,0,141
BRDA:13,3,0,115
BRDA:17,4,0,0
BRF:5
BRH:4
end_of_record
TN:
SF:src/components/Sidebar.tsx
FN:21,Sidebar
FN:59,onClick
FN:72,onSelectDoc
FN:104,onClick
FN:127,onRename
FN:128,onDelete
FN:129,onViewHistory
FN:137,onSelectSession
FNF:8
FNH:3
FNDA:137,Sidebar
FNDA:1,onClick
FNDA:0,onSelectDoc
FNDA:1,onClick
FNDA:0,onRename
FNDA:0,onDelete
FNDA:0,onViewHistory
FNDA:0,onSelectSession
DA:1,1
DA:2,1
DA:3,1
DA:4,1
DA:5,1
DA:6,1
DA:7,1
DA:8,1
DA:9,1
DA:10,1
DA:11,1
DA:12,1
DA:13,1
DA:14,1
DA:15,1
DA:16,1
DA:17,1
DA:18,1
DA:19,1
DA:20,1
DA:21,137
DA:22,137
DA:23,137
DA:24,137
DA:25,137
DA:26,137
DA:27,137
DA:28,137
DA:29,137
DA:30,137
DA:31,137
DA:32,137
DA:33,137
DA:34,137
DA:35,137
DA:36,137
DA:37,137
DA:38,137
DA:39,3
DA:40,3
DA:41,3
DA:42,3
DA:43,3
DA:44,137
DA:45,137
DA:46,137
DA:47,137
DA:48,137
DA:49,137
DA:50,137
DA:51,137
DA:52,137
DA:53,137
DA:54,137
DA:55,137
DA:56,137
DA:57,137
DA:58,137
DA:59,137
DA:60,137
DA:61,137
DA:62,137
DA:63,137
DA:64,137
DA:65,137
DA:66,137
DA:67,137
DA:68,137
DA:69,137
DA:70,137
DA:71,137
DA:72,137
DA:73,137
DA:74,137
DA:75,137
DA:76,137
DA:77,137
DA:78,137
DA:79,137
DA:80,137
DA:81,137
DA:82,137
DA:83,137
DA:84,137
DA:85,137
DA:86,137
DA:87,137
DA:88,137
DA:89,137
DA:90,137
DA:91,137
DA:92,137
DA:93,137
DA:94,137
DA:95,137
DA:96,130
DA:97,130
DA:98,130
DA:99,6
DA:100,6
DA:101,6
DA:102,12
DA:103,12
DA:104,12
DA:105,12
DA:106,12
DA:107,12
DA:108,1
DA:109,11
DA:110,12
DA:111,12
DA:112,12
DA:113,12
DA:114,12
DA:115,12
DA:116,12
DA:117,12
DA:118,12
DA:119,12
DA:120,12
DA:121,12
DA:122,12
DA:123,12
DA:124,12
DA:125,12
DA:126,12
DA:127,12
DA:128,12
DA:129,12
DA:130,12
DA:131,12
DA:132,6
DA:133,6
DA:134,137
DA:135,137
DA:136,137
DA:137,137
DA:138,137
DA:139,137
DA:140,137
DA:141,137
DA:142,137
DA:143,137
DA:144,137
DA:145,137
DA:146,137
DA:147,137
DA:148,137
LF:148
LH:148
BRDA:21,0,0,137
BRDA:38,1,0,3
BRDA:53,2,0,3
BRDA:53,3,0,133
BRDA:95,4,0,130
BRDA:98,5,0,6
BRDA:59,6,0,1
BRDA:101,7,0,12
BRDA:107,8,0,2
BRDA:107,9,0,1
BRDA:108,10,0,11
BRDA:113,11,0,2
BRDA:113,12,0,1
BRDA:113,13,0,11
BRDA:119,14,0,0
BRDA:122,15,0,0
BRDA:104,16,0,1
BRF:17
BRH:15
end_of_record
TN:
SF:src/components/SourceCitations.tsx
FN:5,CitationCard
FN:44,onClick
FN:83,SourceCitations
FN:98,onClick
FNF:4
FNH:4
FNDA:7,CitationCard
FNDA:1,onClick
FNDA:43,SourceCitations
FNDA:5,onClick
DA:1,1
DA:2,1
DA:3,1
DA:4,1
DA:5,7
DA:6,7
DA:7,7
DA:8,7
DA:9,7
DA:10,7
DA:11,7
DA:12,7
DA:13,7
DA:14,7
DA:15,7
DA:16,7
DA:17,7
DA:18,0
DA:19,7
DA:20,7
DA:21,7
DA:22,7
DA:23,7
DA:24,7
DA:25,7
DA:26,7
DA:27,7
DA:28,7
DA:29,7
DA:30,7
DA:31,7
DA:32,6
DA:33,6
DA:34,6
DA:35,7
DA:36,7
DA:37,6
DA:38,6
DA:39,6
DA:40,7
DA:41,7
DA:42,7
DA:43,1
DA:44,1
DA:45,1
DA:46,1
DA:47,1
DA:48,1
DA:49,1
DA:50,7
DA:51,7
DA:52,7
DA:53,7
DA:54,7
DA:55,7
DA:56,7
DA:57,7
DA:58,7
DA:59,7
DA:60,7
DA:61,5
DA:62,2
DA:63,1
DA:64,1
DA:65,7
DA:66,7
DA:67,7
DA:68,7
DA:69,7
DA:70,7
DA:71,7
DA:72,7
DA:73,7
DA:74,1
DA:75,1
DA:76,1
DA:77,1
DA:78,1
DA:79,1
DA:80,1
DA:81,1
DA:82,1
DA:83,43
DA:84,43
DA:85,43
DA:86,43
DA:87,43
DA:88,43
DA:89,43
DA:90,43
DA:91,43
DA:92,43
DA:93,43
DA:94,43
DA:95,10
DA:96,10
DA:97,10
DA:98,10
DA:99,10
DA:100,10
DA:101,10
DA:102,10
DA:103,10
DA:104,10
DA:105,10
DA:106,10
DA:107,10
DA:108,10
DA:109,10
DA:110,5
DA:111,5
DA:112,7
DA:113,5
DA:114,5
DA:115,10
DA:116,10
DA:117,10
DA:118,10
DA:119,33
DA:120,33
DA:121,33
DA:122,1
DA:123,1
DA:124,1
DA:125,1
DA:126,1
DA:127,1
DA:128,1
DA:129,1
DA:130,1
DA:131,1
DA:132,1
DA:133,2
DA:134,2
DA:135,2
DA:136,2
DA:137,2
DA:138,2
DA:139,2
DA:140,2
DA:141,2
DA:142,2
DA:143,2
DA:144,2
DA:145,1
DA:146,1
DA:147,1
DA:148,1
DA:149,1
DA:150,32
DA:151,32
DA:152,32
LF:152
LH:151
BRDA:5,0,0,7
BRDA:14,1,0,6
BRDA:14,2,0,1
BRDA:17,3,0,0
BRDA:17,4,0,0
BRDA:24,5,0,0
BRDA:29,6,0,1
BRDA:31,7,0,6
BRDA:36,8,0,6
BRDA:42,9,0,1
BRDA:42,10,0,1
BRDA:60,11,0,5
BRDA:61,12,0,2
BRDA:62,13,0,1
BRDA:63,14,0,1
BRDA:44,15,0,1
BRDA:83,16,0,43
BRDA:94,17,0,14
BRDA:94,18,0,10
BRDA:107,19,0,5
BRDA:107,20,0,5
BRDA:109,21,0,5
BRDA:118,22,0,33
BRDA:121,23,0,1
BRDA:149,24,0,32
BRDA:98,25,0,5
BRDA:98,26,0,5
BRDA:111,27,0,7
BRDA:132,28,0,2
BRDA:134,29,0,0
BRF:30
BRH:26
end_of_record
TN:
SF:src/components/UserMenu.tsx
FN:12,useAppView
FN:16,UserMenu
FN:33,handleClickOutside
FN:46,onClick
FN:77,onClick
FN:86,onClick
FN:94,onClick
FN:103,onClick
FNF:8
FNH:5
FNDA:25,useAppView
FNDA:25,UserMenu
FNDA:3,handleClickOutside
FNDA:10,onClick
FNDA:0,onClick
FNDA:0,onClick
FNDA:0,onClick
FNDA:1,onClick
DA:1,1
DA:2,1
DA:3,1
DA:4,1
DA:5,1
DA:6,1
DA:7,1
DA:8,1
DA:9,1
DA:10,1
DA:11,1
DA:12,25
DA:13,25
DA:14,25
DA:15,1
DA:16,25
DA:17,25
DA:18,25
DA:19,25
DA:20,25
DA:21,25
DA:22,25
DA:23,25
DA:24,4
DA:25,21
DA:26,4
DA:27,17
DA:28,2
DA:29,15
DA:30,25
DA:31,25
DA:32,25
DA:33,25
DA:34,3
DA:35,1
DA:36,1
DA:37,3
DA:38,25
DA:39,9
DA:40,9
DA:41,25
DA:42,25
DA:43,25
DA:44,25
DA:45,25
DA:46,25
DA:47,25
DA:48,25
DA:49,25
DA:50,25
DA:51,25
DA:52,25
DA:53,25
DA:54,25
DA:55,25
DA:56,9
DA:57,9
DA:58,9
DA:59,9
DA:60,9
DA:61,9
DA:62,9
DA:63,9
DA:64,9
DA:65,9
DA:66,9
DA:67,9
DA:68,5
DA:69,9
DA:70,9
DA:71,9
DA:72,9
DA:73,9
DA:74,9
DA:75,9
DA:76,9
DA:77,9
DA:78,9
DA:79,9
DA:80,9
DA:81,9
DA:82,9
DA:83,9
DA:84,9
DA:85,9
DA:86,9
DA:87,9
DA:88,9
DA:89,9
DA:90,9
DA:91,9
DA:92,9
DA:93,0
DA:94,0
DA:95,0
DA:96,0
DA:97,0
DA:98,0
DA:99,0
DA:100,9
DA:101,9
DA:102,9
DA:103,9
DA:104,9
DA:105,9
DA:106,9
DA:107,9
DA:108,9
DA:109,9
DA:110,9
DA:111,9
DA:112,9
DA:113,9
DA:114,9
DA:115,25
DA:116,25
DA:117,25
DA:118,25
LF:118
LH:111
BRDA:12,0,0,25
BRDA:16,1,0,25
BRDA:22,2,0,4
BRDA:22,3,0,21
BRDA:23,4,0,23
BRDA:23,5,0,4
BRDA:24,6,0,21
BRDA:25,7,0,17
BRDA:25,8,0,4
BRDA:26,9,0,17
BRDA:27,10,0,15
BRDA:27,11,0,2
BRDA:28,12,0,15
BRDA:55,13,0,9
BRDA:65,14,0,8
BRDA:67,15,0,5
BRDA:92,16,0,0
BRDA:32,17,0,25
BRDA:38,18,0,16
BRDA:38,19,0,9
BRDA:33,20,0,3
BRDA:34,21,0,1
BRDA:40,22,0,9
BRDA:46,23,0,10
BRDA:103,24,0,1
BRF:25
BRH:24
end_of_record
TN:
SF:src/components/VersionHistory.tsx
FN:9,formatDate
FN:19,formatBytes
FN:26,VersionHistory
FN:72,VersionItem
FNF:4
FNH:0
FNDA:0,formatDate
FNDA:0,formatBytes
FNDA:0,VersionHistory
FNDA:0,VersionItem
DA:1,1
DA:2,1
DA:3,1
DA:4,1
DA:5,1
DA:6,1
DA:7,1
DA:8,1
DA:9,0
DA:10,0
DA:11,0
DA:12,0
DA:13,0
DA:14,0
DA:15,0
DA:16,0
DA:17,0
DA:18,1
DA:19,0
DA:20,0
DA:21,0
DA:22,0
DA:23,0
DA:24,0
DA:25,1
DA:26,0
DA:27,0
DA:28,0
DA:29,0
DA:30,0
DA:31,0
DA:32,0
DA:33,0
DA:34,0
DA:35,0
DA:36,0
DA:37,0
DA:38,0
DA:39,0
DA:40,0
DA:41,0
DA:42,0
DA:43,0
DA:44,0
DA:45,0
DA:46,0
DA:47,0
DA:48,0
DA:49,0
DA:50,0
DA:51,0
DA:52,0
DA:53,0
DA:54,0
DA:55,0
DA:56,0
DA:57,0
DA:58,0
DA:59,0
DA:60,0
DA:61,0
DA:62,0
DA:63,0
DA:64,0
DA:65,0
DA:66,0
DA:67,0
DA:68,0
DA:69,0
DA:70,0
DA:71,1
DA:72,0
DA:73,0
DA:74,0
DA:75,0
DA:76,0
DA:77,0
DA:78,0
DA:79,0
DA:80,0
DA:81,0
DA:82,0
DA:83,0
DA:84,0
DA:85,0
DA:86,0
DA:87,0
DA:88,0
DA:89,0
DA:90,0
DA:91,0
DA:92,0
DA:93,0
DA:94,0
DA:95,0
DA:96,0
DA:97,0
DA:98,0
DA:99,0
LF:99
LH:11
BRF:0
BRH:0
end_of_record
TN:
SF:src/components/WelcomeScreen.tsx
FN:12,WelcomeScreen
FNF:1
FNH:1
FNDA:105,WelcomeScreen
DA:1,1
DA:2,1
DA:3,1
DA:4,1
DA:5,1
DA:6,1
DA:7,1
DA:8,1
DA:9,1
DA:10,1
DA:11,1
DA:12,105
DA:13,105
DA:14,105
DA:15,105
DA:16,105
DA:17,105
DA:18,105
DA:19,105
DA:20,105
DA:21,105
DA:22,105
DA:23,105
DA:24,105
DA:25,105
DA:26,105
DA:27,105
DA:28,105
DA:29,105
DA:30,105
DA:31,105
DA:32,105
DA:33,105
DA:34,105
DA:35,105
DA:36,105
DA:37,105
DA:38,420
DA:39,420
DA:40,420
DA:41,420
DA:42,420
DA:43,420
DA:44,420
DA:45,420
DA:46,420
DA:47,420
DA:48,105
DA:49,105
DA:50,105
DA:51,105
DA:52,105
DA:53,105
DA:54,105
DA:55,105
DA:56,105
DA:57,105
DA:58,105
DA:59,105
DA:60,105
DA:61,105
DA:62,105
DA:63,105
DA:64,105
DA:65,105
DA:66,105
DA:67,105
DA:68,105
LF:68
LH:68
BRDA:12,0,0,105
BRDA:37,1,0,420
BRF:2
BRH:2
end_of_record
TN:
SF:src/components/citationUtils.ts
FN:10,locationLabel
FNF:1
FNH:1
FNDA:7,locationLabel
DA:1,1
DA:2,1
DA:3,1
DA:4,1
DA:5,1
DA:6,1
DA:7,1
DA:8,1
DA:9,1
DA:10,1
DA:11,7
DA:12,7
DA:13,7
DA:14,7
DA:15,7
DA:16,7
LF:16
LH:16
BRDA:10,0,0,7
BRDA:12,1,0,6
BRDA:13,2,0,6
BRDA:14,3,0,6
BRDA:15,4,0,6
BRDA:15,5,0,1
BRF:6
BRH:6
end_of_record
TN:
SF:src/components/SupplyChain/AnomalyTab.tsx
FN:1,(empty-report)
FNF:1
FNH:0
FNDA:0,(empty-report)
DA:1,0
DA:2,0
DA:3,0
DA:4,0
DA:5,0
DA:6,0
DA:7,0
DA:8,0
DA:9,0
DA:10,0
DA:11,0
DA:12,0
DA:13,0
DA:14,0
DA:15,0
DA:16,0
DA:17,0
DA:18,0
DA:19,0
DA:20,0
DA:21,0
DA:22,0
DA:23,0
DA:24,0
DA:25,0
DA:26,0
DA:27,0
DA:28,0
DA:29,0
DA:30,0
DA:31,0
DA:32,0
DA:33,0
DA:34,0
DA:35,0
DA:36,0
DA:37,0
DA:38,0
DA:39,0
DA:40,0
DA:41,0
DA:42,0
DA:43,0
DA:44,0
DA:45,0
DA:46,0
DA:47,0
DA:48,0
DA:49,0
DA:50,0
DA:51,0
DA:52,0
DA:53,0
DA:54,0
DA:55,0
DA:56,0
DA:57,0
DA:58,0
DA:59,0
DA:60,0
DA:61,0
DA:62,0
DA:63,0
DA:64,0
DA:65,0
DA:66,0
DA:67,0
DA:68,0
DA:69,0
DA:70,0
DA:71,0
DA:72,0
DA:73,0
DA:74,0
DA:75,0
DA:76,0
DA:77,0
DA:78,0
DA:79,0
DA:80,0
DA:81,0
DA:82,0
DA:83,0
DA:84,0
DA:85,0
DA:86,0
DA:87,0
DA:88,0
DA:89,0
DA:90,0
DA:91,0
DA:92,0
DA:93,0
DA:94,0
DA:95,0
DA:96,0
DA:97,0
DA:98,0
DA:99,0
DA:100,0
DA:101,0
DA:102,0
DA:103,0
DA:104,0
DA:105,0
DA:106,0
DA:107,0
DA:108,0
DA:109,0
DA:110,0
DA:111,0
DA:112,0
DA:113,0
DA:114,0
DA:115,0
DA:116,0
LF:116
LH:0
BRDA:1,0,0,0
BRF:1
BRH:0
end_of_record
TN:
SF:src/components/SupplyChain/ForecastTab.tsx
FN:1,(empty-report)
FNF:1
FNH:0
FNDA:0,(empty-report)
DA:1,0
DA:2,0
DA:3,0
DA:4,0
DA:5,0
DA:6,0
DA:7,0
DA:8,0
DA:9,0
DA:10,0
DA:11,0
DA:12,0
DA:13,0
DA:14,0
DA:15,0
DA:16,0
DA:17,0
DA:18,0
DA:19,0
DA:20,0
DA:21,0
DA:22,0
DA:23,0
DA:24,0
DA:25,0
DA:26,0
DA:27,0
DA:28,0
DA:29,0
DA:30,0
DA:31,0
DA:32,0
DA:33,0
DA:34,0
DA:35,0
DA:36,0
DA:37,0
DA:38,0
DA:39,0
DA:40,0
DA:41,0
DA:42,0
DA:43,0
DA:44,0
DA:45,0
DA:46,0
DA:47,0
DA:48,0
DA:49,0
DA:50,0
DA:51,0
DA:52,0
DA:53,0
DA:54,0
DA:55,0
DA:56,0
DA:57,0
DA:58,0
DA:59,0
DA:60,0
DA:61,0
DA:62,0
DA:63,0
DA:64,0
DA:65,0
DA:66,0
DA:67,0
DA:68,0
DA:69,0
DA:70,0
DA:71,0
DA:72,0
DA:73,0
DA:74,0
DA:75,0
DA:76,0
DA:77,0
DA:78,0
DA:79,0
DA:80,0
DA:81,0
DA:82,0
DA:83,0
DA:84,0
DA:85,0
DA:86,0
DA:87,0
DA:88,0
DA:89,0
DA:90,0
DA:91,0
DA:92,0
DA:93,0
DA:94,0
DA:95,0
DA:96,0
DA:97,0
DA:98,0
DA:99,0
DA:100,0
DA:101,0
DA:102,0
DA:103,0
DA:104,0
DA:105,0
DA:106,0
DA:107,0
DA:108,0
DA:109,0
DA:110,0
DA:111,0
DA:112,0
DA:113,0
DA:114,0
DA:115,0
DA:116,0
DA:117,0
DA:118,0
DA:119,0
DA:120,0
DA:121,0
DA:122,0
LF:122
LH:0
BRDA:1,0,0,0
BRF:1
BRH:0
end_of_record
TN:
SF:src/components/SupplyChain/InventoryTab.tsx
FN:1,(empty-report)
FNF:1
FNH:0
FNDA:0,(empty-report)
DA:1,0
DA:2,0
DA:3,0
DA:4,0
DA:5,0
DA:6,0
DA:7,0
DA:8,0
DA:9,0
DA:10,0
DA:11,0
DA:12,0
DA:13,0
DA:14,0
DA:15,0
DA:16,0
DA:17,0
DA:18,0
DA:19,0
DA:20,0
DA:21,0
DA:22,0
DA:23,0
DA:24,0
DA:25,0
DA:26,0
DA:27,0
DA:28,0
DA:29,0
DA:30,0
DA:31,0
DA:32,0
DA:33,0
DA:34,0
DA:35,0
DA:36,0
DA:37,0
DA:38,0
DA:39,0
DA:40,0
DA:41,0
DA:42,0
DA:43,0
DA:44,0
DA:45,0
DA:46,0
DA:47,0
DA:48,0
DA:49,0
DA:50,0
DA:51,0
DA:52,0
DA:53,0
DA:54,0
DA:55,0
DA:56,0
DA:57,0
DA:58,0
DA:59,0
DA:60,0
DA:61,0
DA:62,0
DA:63,0
DA:64,0
DA:65,0
DA:66,0
DA:67,0
DA:68,0
DA:69,0
DA:70,0
DA:71,0
DA:72,0
DA:73,0
DA:74,0
DA:75,0
DA:76,0
DA:77,0
DA:78,0
DA:79,0
DA:80,0
DA:81,0
DA:82,0
DA:83,0
DA:84,0
DA:85,0
DA:86,0
DA:87,0
DA:88,0
DA:89,0
DA:90,0
DA:91,0
DA:92,0
DA:93,0
DA:94,0
DA:95,0
DA:96,0
LF:96
LH:0
BRDA:1,0,0,0
BRF:1
BRH:0
end_of_record
TN:
SF:src/components/SupplyChain/RouteTab.tsx
FN:1,(empty-report)
FNF:1
FNH:0
FNDA:0,(empty-report)
DA:1,0
DA:2,0
DA:3,0
DA:4,0
DA:5,0
DA:6,0
DA:7,0
DA:8,0
DA:9,0
DA:10,0
DA:11,0
DA:12,0
DA:13,0
DA:14,0
DA:15,0
DA:16,0
DA:17,0
DA:18,0
DA:19,0
DA:20,0
DA:21,0
DA:22,0
DA:23,0
DA:24,0
DA:25,0
DA:26,0
DA:27,0
DA:28,0
DA:29,0
DA:30,0
DA:31,0
DA:32,0
DA:33,0
DA:34,0
DA:35,0
DA:36,0
DA:37,0
DA:38,0
DA:39,0
DA:40,0
DA:41,0
DA:42,0
DA:43,0
DA:44,0
DA:45,0
DA:46,0
DA:47,0
DA:48,0
DA:49,0
DA:50,0
DA:51,0
DA:52,0
DA:53,0
DA:54,0
DA:55,0
DA:56,0
DA:57,0
DA:58,0
DA:59,0
DA:60,0
DA:61,0
DA:62,0
DA:63,0
DA:64,0
DA:65,0
DA:66,0
DA:67,0
DA:68,0
DA:69,0
DA:70,0
DA:71,0
DA:72,0
DA:73,0
DA:74,0
DA:75,0
DA:76,0
DA:77,0
DA:78,0
DA:79,0
DA:80,0
DA:81,0
DA:82,0
DA:83,0
DA:84,0
DA:85,0
DA:86,0
DA:87,0
DA:88,0
LF:88
LH:0
BRDA:1,0,0,0
BRF:1
BRH:0
end_of_record
TN:
SF:src/components/SupplyChain/SupplierRiskTab.tsx
FN:1,(empty-report)
FNF:1
FNH:0
FNDA:0,(empty-report)
DA:1,0
DA:2,0
DA:3,0
DA:4,0
DA:5,0
DA:6,0
DA:7,0
DA:8,0
DA:9,0
DA:10,0
DA:11,0
DA:12,0
DA:13,0
DA:14,0
DA:15,0
DA:16,0
DA:17,0
DA:18,0
DA:19,0
DA:20,0
DA:21,0
DA:22,0
DA:23,0
DA:24,0
DA:25,0
DA:26,0
DA:27,0
DA:28,0
DA:29,0
DA:30,0
DA:31,0
DA:32,0
DA:33,0
DA:34,0
DA:35,0
DA:36,0
DA:37,0
DA:38,0
DA:39,0
DA:40,0
DA:41,0
DA:42,0
DA:43,0
DA:44,0
DA:45,0
DA:46,0
DA:47,0
DA:48,0
DA:49,0
DA:50,0
DA:51,0
DA:52,0
DA:53,0
DA:54,0
DA:55,0
DA:56,0
DA:57,0
DA:58,0
DA:59,0
DA:60,0
DA:61,0
DA:62,0
DA:63,0
DA:64,0
DA:65,0
DA:66,0
DA:67,0
DA:68,0
DA:69,0
DA:70,0
DA:71,0
DA:72,0
DA:73,0
DA:74,0
DA:75,0
DA:76,0
DA:77,0
DA:78,0
DA:79,0
DA:80,0
DA:81,0
DA:82,0
DA:83,0
DA:84,0
DA:85,0
DA:86,0
DA:87,0
DA:88,0
DA:89,0
DA:90,0
DA:91,0
DA:92,0
DA:93,0
DA:94,0
DA:95,0
DA:96,0
DA:97,0
DA:98,0
DA:99,0
DA:100,0
DA:101,0
DA:102,0
DA:103,0
DA:104,0
DA:105,0
DA:106,0
LF:106
LH:0
BRDA:1,0,0,0
BRF:1
BRH:0
end_of_record
TN:
SF:src/context/AuthContext.tsx
FN:24,AuthProvider
FN:68,useAuth
FNF:2
FNH:2
FNDA:62,AuthProvider
FNDA:385,useAuth
DA:1,1
DA:2,1
DA:3,1
DA:4,1
DA:5,1
DA:6,1
DA:7,1
DA:8,1
DA:9,1
DA:10,1
DA:11,1
DA:12,1
DA:13,1
DA:14,1
DA:15,1
DA:16,1
DA:17,1
DA:18,1
DA:19,1
DA:20,1
DA:21,1
DA:22,1
DA:23,1
DA:24,1
DA:25,62
DA:26,62
DA:27,62
DA:28,62
DA:29,62
DA:30,62
DA:31,6
DA:32,6
DA:33,6
DA:34,6
DA:35,62
DA:36,62
DA:37,62
DA:38,62
DA:39,2
DA:40,2
DA:41,2
DA:42,62
DA:43,62
DA:44,62
DA:45,62
DA:46,62
DA:47,62
DA:48,62
DA:49,62
DA:50,62
DA:51,62
DA:52,62
DA:53,62
DA:54,62
DA:55,62
DA:56,62
DA:57,62
DA:58,62
DA:59,62
DA:60,62
DA:61,62
DA:62,62
DA:63,62
DA:64,62
DA:65,62
DA:66,62
DA:67,1
DA:68,1
DA:69,385
DA:70,385
DA:71,0
DA:72,0
DA:73,385
DA:74,385
LF:74
LH:72
BRDA:24,0,0,62
BRDA:45,1,0,58
BRDA:47,2,0,61
BRDA:30,3,0,6
BRDA:38,4,0,2
BRDA:68,5,0,385
BRDA:70,6,0,0
BRF:7
BRH:6
end_of_record
TN:
SF:src/context/apiConfig.ts
FNF:0
FNH:0
DA:1,1
DA:2,1
DA:3,1
DA:4,1
LF:4
LH:4
BRF:0
BRH:0
end_of_record
TN:
SF:src/hooks/useAuditLogs.ts
FN:1,(empty-report)
FNF:1
FNH:0
FNDA:0,(empty-report)
DA:1,0
DA:2,0
DA:3,0
DA:4,0
DA:5,0
DA:6,0
DA:7,0
DA:8,0
DA:9,0
DA:10,0
DA:11,0
DA:12,0
DA:13,0
DA:14,0
DA:15,0
DA:16,0
DA:17,0
DA:18,0
DA:19,0
DA:20,0
DA:21,0
DA:22,0
DA:23,0
DA:24,0
DA:25,0
DA:26,0
DA:27,0
DA:28,0
DA:29,0
DA:30,0
DA:31,0
DA:32,0
DA:33,0
DA:34,0
DA:35,0
DA:36,0
DA:37,0
DA:38,0
DA:39,0
DA:40,0
DA:41,0
DA:42,0
DA:43,0
DA:44,0
DA:45,0
DA:46,0
DA:47,0
DA:48,0
DA:49,0
DA:50,0
DA:51,0
DA:52,0
DA:53,0
DA:54,0
LF:54
LH:0
BRDA:1,0,0,0
BRF:1
BRH:0
end_of_record
TN:
SF:src/hooks/useChatSessions.ts
FN:17,relativeTime
FN:31,useChatSessions
FN:34,queryFn
FNF:3
FNH:2
FNDA:0,relativeTime
FNDA:146,useChatSessions
FNDA:31,queryFn
DA:1,1
DA:2,1
DA:3,1
DA:4,1
DA:5,1
DA:6,1
DA:7,1
DA:8,1
DA:9,1
DA:10,1
DA:11,1
DA:12,1
DA:13,1
DA:14,1
DA:15,1
DA:16,1
DA:17,0
DA:18,0
DA:19,0
DA:20,0
DA:21,0
DA:22,0
DA:23,0
DA:24,0
DA:25,0
DA:26,0
DA:27,0
DA:28,1
DA:29,1
DA:30,1
DA:31,1
DA:32,146
DA:33,146
DA:34,146
DA:35,31
DA:36,31
DA:37,31
DA:38,31
DA:39,0
DA:40,0
DA:41,0
DA:42,31
DA:43,146
DA:44,146
DA:45,146
LF:45
LH:31
BRDA:31,0,0,146
BRDA:34,1,0,31
BRDA:38,2,0,0
BRF:3
BRH:2
end_of_record
TN:
SF:src/hooks/useDocumentMutations.ts
FN:10,useRenameDocument
FN:14,mutationFn
FN:27,onSuccess
FN:33,useDeleteDocument
FN:37,mutationFn
FN:49,onSuccess
FNF:6
FNH:2
FNDA:121,useRenameDocument
FNDA:0,mutationFn
FNDA:0,onSuccess
FNDA:121,useDeleteDocument
FNDA:0,mutationFn
FNDA:0,onSuccess
DA:1,1
DA:2,1
DA:3,1
DA:4,1
DA:5,1
DA:6,1
DA:7,1
DA:8,1
DA:9,1
DA:10,1
DA:11,121
DA:12,121
DA:13,121
DA:14,121
DA:15,0
DA:16,0
DA:17,0
DA:18,0
DA:19,0
DA:20,0
DA:21,0
DA:22,0
DA:23,0
DA:24,0
DA:25,0
DA:26,0
DA:27,121
DA:28,0
DA:29,0
DA:30,121
DA:31,121
DA:32,1
DA:33,1
DA:34,121
DA:35,121
DA:36,121
DA:37,121
DA:38,0
DA:39,0
DA:40,0
DA:41,0
DA:42,0
DA:43,0
DA:44,0
DA:45,0
DA:46,0
DA:47,0
DA:48,0
DA:49,121
DA:50,0
DA:51,0
DA:52,121
DA:53,121
LF:53
LH:26
BRDA:10,0,0,121
BRDA:33,1,0,121
BRF:2
BRH:2
end_of_record
TN:
SF:src/hooks/useDocumentSearch.ts
FN:20,useDocumentSearch
FN:23,queryFn
FNF:2
FNH:1
FNDA:136,useDocumentSearch
FNDA:0,queryFn
DA:1,1
DA:2,1
DA:3,1
DA:4,1
DA:5,1
DA:6,1
DA:7,1
DA:8,1
DA:9,1
DA:10,1
DA:11,1
DA:12,1
DA:13,1
DA:14,1
DA:15,1
DA:16,1
DA:17,1
DA:18,1
DA:19,1
DA:20,1
DA:21,136
DA:22,136
DA:23,136
DA:24,0
DA:25,0
DA:26,0
DA:27,0
DA:28,0
DA:29,0
DA:30,0
DA:31,0
DA:32,0
DA:33,136
DA:34,136
DA:35,136
DA:36,136
LF:36
LH:27
BRDA:20,0,0,136
BRF:1
BRH:1
end_of_record
TN:
SF:src/hooks/useDocumentVersions.ts
FN:18,useDocumentVersions
FNF:1
FNH:0
FNDA:0,useDocumentVersions
DA:1,1
DA:2,1
DA:3,1
DA:4,1
DA:5,1
DA:6,1
DA:7,1
DA:8,1
DA:9,1
DA:10,1
DA:11,1
DA:12,1
DA:13,1
DA:14,1
DA:15,1
DA:16,1
DA:17,1
DA:18,1
DA:19,0
DA:20,0
DA:21,0
DA:22,0
DA:23,0
DA:24,0
DA:25,0
DA:26,0
DA:27,0
DA:28,0
DA:29,0
DA:30,0
DA:31,0
DA:32,0
DA:33,0
LF:33
LH:18
BRF:0
BRH:0
end_of_record
TN:
SF:src/hooks/useSupplyChain.ts
FN:1,(empty-report)
FNF:1
FNH:0
FNDA:0,(empty-report)
DA:1,0
DA:2,0
DA:3,0
DA:4,0
DA:5,0
DA:6,0
DA:7,0
DA:8,0
DA:9,0
DA:10,0
DA:11,0
DA:12,0
DA:13,0
DA:14,0
DA:15,0
DA:16,0
DA:17,0
DA:18,0
DA:19,0
DA:20,0
DA:21,0
DA:22,0
DA:23,0
DA:24,0
DA:25,0
DA:26,0
DA:27,0
DA:28,0
DA:29,0
DA:30,0
DA:31,0
DA:32,0
DA:33,0
DA:34,0
DA:35,0
DA:36,0
DA:37,0
DA:38,0
DA:39,0
DA:40,0
DA:41,0
DA:42,0
DA:43,0
DA:44,0
LF:44
LH:0
BRDA:1,0,0,0
BRF:1
BRH:0
end_of_record
TN:
SF:src/pages/AdminPage.tsx
FN:1,(empty-report)
FNF:1
FNH:0
FNDA:0,(empty-report)
DA:1,0
DA:2,0
DA:3,0
DA:4,0
DA:5,0
DA:6,0
DA:7,0
DA:8,0
DA:9,0
DA:10,0
DA:11,0
DA:12,0
DA:13,0
DA:14,0
DA:15,0
DA:16,0
DA:17,0
DA:18,0
DA:19,0
DA:20,0
DA:21,0
DA:22,0
DA:23,0
DA:24,0
DA:25,0
DA:26,0
DA:27,0
DA:28,0
DA:29,0
DA:30,0
DA:31,0
DA:32,0
DA:33,0
DA:34,0
DA:35,0
DA:36,0
DA:37,0
DA:38,0
DA:39,0
DA:40,0
DA:41,0
DA:42,0
DA:43,0
DA:44,0
DA:45,0
DA:46,0
DA:47,0
DA:48,0
DA:49,0
DA:50,0
DA:51,0
DA:52,0
DA:53,0
DA:54,0
DA:55,0
DA:56,0
DA:57,0
DA:58,0
DA:59,0
DA:60,0
LF:60
LH:0
BRDA:1,0,0,0
BRF:1
BRH:0
end_of_record
TN:
SF:src/pages/ChatPage.tsx
FN:25,ChatPage
FN:59,queryFn
FN:103,handleNewChat
FN:111,handleSelectSession
FN:119,handleFileUpload
FN:183,handleSendMessage
FN:329,handleKeyDown
FN:339,onMenuClick
FN:350,onUploadClick
FN:352,onClose
FN:364,onUploadClick
FN:390,onViewSource
FN:420,onChange
FN:448,onClose
FN:468,onClose
FN:470,onSave
FN:483,onClose
FN:485,onConfirm
FN:503,onClose
FNF:19
FNH:5
FNDA:121,ChatPage
FNDA:0,queryFn
FNDA:0,handleNewChat
FNDA:0,handleSelectSession
FNDA:2,handleFileUpload
FNDA:6,handleSendMessage
FNDA:91,handleKeyDown
FNDA:0,onMenuClick
FNDA:0,onUploadClick
FNDA:0,onClose
FNDA:0,onUploadClick
FNDA:0,onViewSource
FNDA:85,onChange
FNDA:0,onClose
FNDA:0,onClose
FNDA:0,onSave
FNDA:0,onClose
FNDA:0,onConfirm
FNDA:0,onClose
DA:1,1
DA:2,1
DA:3,1
DA:4,1
DA:5,1
DA:6,1
DA:7,1
DA:8,1
DA:9,1
DA:10,1
DA:11,1
DA:12,1
DA:13,1
DA:14,1
DA:15,1
DA:16,1
DA:17,1
DA:18,1
DA:19,1
DA:20,1
DA:21,1
DA:22,1
DA:23,1
DA:24,1
DA:25,121
DA:26,121
DA:27,121
DA:28,121
DA:29,121
DA:30,16
DA:31,16
DA:32,16
DA:33,16
DA:34,16
DA:35,16
DA:36,121
DA:37,121
DA:38,121
DA:39,121
DA:40,121
DA:41,121
DA:42,121
DA:43,121
DA:44,121
DA:45,121
DA:46,121
DA:47,121
DA:48,121
DA:49,121
DA:50,121
DA:51,121
DA:52,121
DA:53,121
DA:54,121
DA:55,121
DA:56,121
DA:57,121
DA:58,121
DA:59,121
DA:60,0
DA:61,0
DA:62,0
DA:63,0
DA:64,0
DA:65,0
DA:66,0
DA:67,121
DA:68,121
DA:69,121
DA:70,121
DA:71,121
DA:72,121
DA:73,121
DA:74,0
DA:75,0
DA:76,0
DA:77,0
DA:78,0
DA:79,0
DA:80,0
DA:81,0
DA:82,0
DA:83,0
DA:84,121
DA:85,121
DA:86,121
DA:87,121
DA:88,121
DA:89,121
DA:90,121
DA:91,121
DA:92,121
DA:93,121
DA:94,121
DA:95,0
DA:96,0
DA:97,121
DA:98,121
DA:99,121
DA:100,27
DA:101,121
DA:102,121
DA:103,121
DA:104,0
DA:105,0
DA:106,0
DA:107,0
DA:108,0
DA:109,0
DA:110,121
DA:111,121
DA:112,0
DA:113,0
DA:114,0
DA:115,0
DA:116,0
DA:117,0
DA:118,121
DA:119,121
DA:120,2
DA:121,2
DA:122,2
DA:123,2
DA:124,2
DA:125,2
DA:126,2
DA:127,2
DA:128,2
DA:129,1
DA:130,1
DA:131,1
DA:132,1
DA:133,1
DA:134,1
DA:135,2
DA:136,0
DA:137,0
DA:138,0
DA:139,1
DA:140,1
DA:141,1
DA:142,1
DA:143,1
DA:144,1
DA:145,1
DA:146,1
DA:147,1
DA:148,2
DA:149,2
DA:150,2
DA:151,2
DA:152,2
DA:153,2
DA:154,1
DA:155,2
DA:156,0
DA:157,0
DA:158,0
DA:159,0
DA:160,0
DA:161,0
DA:162,0
DA:163,0
DA:164,0
DA:165,0
DA:166,0
DA:167,0
DA:168,1
DA:169,1
DA:170,1
DA:171,1
DA:172,1
DA:173,0
DA:174,0
DA:175,0
DA:176,0
DA:177,0
DA:178,2
DA:179,1
DA:180,1
DA:181,2
DA:182,121
DA:183,121
DA:184,6
DA:185,6
DA:186,6
DA:187,6
DA:188,6
DA:189,6
DA:190,6
DA:191,6
DA:192,6
DA:193,6
DA:194,6
DA:195,6
DA:196,6
DA:197,6
DA:198,6
DA:199,6
DA:200,6
DA:201,6
DA:202,6
DA:203,6
DA:204,6
DA:205,6
DA:206,6
DA:207,6
DA:208,6
DA:209,6
DA:210,6
DA:211,6
DA:212,6
DA:213,6
DA:214,6
DA:215,6
DA:216,6
DA:217,6
DA:218,6
DA:219,6
DA:220,6
DA:221,6
DA:222,6
DA:223,6
DA:224,6
DA:225,6
DA:226,6
DA:227,6
DA:228,6
DA:229,1
DA:230,1
DA:231,5
DA:232,6
DA:233,0
DA:234,0
DA:235,5
DA:236,5
DA:237,5
DA:238,5
DA:239,5
DA:240,6
DA:241,10
DA:242,10
DA:243,5
DA:244,5
DA:245,5
DA:246,10
DA:247,10
DA:248,10
DA:249,9
DA:250,9
DA:251,9
DA:252,9
DA:253,9
DA:254,9
DA:255,9
DA:256,18
DA:257,9
DA:258,9
DA:259,9
DA:260,9
DA:261,18
DA:262,9
DA:263,9
DA:264,4
DA:265,4
DA:266,4
DA:267,8
DA:268,4
DA:269,4
DA:270,4
DA:271,4
DA:272,4
DA:273,4
DA:274,4
DA:275,4
DA:276,4
DA:277,4
DA:278,4
DA:279,9
DA:280,4
DA:281,4
DA:282,8
DA:283,4
DA:284,4
DA:285,4
DA:286,4
DA:287,5
DA:288,1
DA:289,1
DA:290,1
DA:291,2
DA:292,1
DA:293,1
DA:294,1
DA:295,1
DA:296,1
DA:297,1
DA:298,0
DA:299,0
DA:300,0
DA:301,0
DA:302,0
DA:303,0
DA:304,0
DA:305,0
DA:306,0
DA:307,0
DA:308,0
DA:309,0
DA:310,9
DA:311,5
DA:312,6
DA:313,1
DA:314,1
DA:315,2
DA:316,1
DA:317,1
DA:318,1
DA:319,1
DA:320,1
DA:321,1
DA:322,1
DA:323,1
DA:324,6
DA:325,6
DA:326,6
DA:327,6
DA:328,121
DA:329,121
DA:330,91
DA:331,6
DA:332,6
DA:333,6
DA:334,91
DA:335,121
DA:336,121
DA:337,121
DA:338,121
DA:339,121
DA:340,121
DA:341,121
DA:342,121
DA:343,121
DA:344,121
DA:345,121
DA:346,121
DA:347,121
DA:348,121
DA:349,121
DA:350,121
DA:351,121
DA:352,121
DA:353,121
DA:354,121
DA:355,121
DA:356,121
DA:357,121
DA:358,121
DA:359,121
DA:360,121
DA:361,121
DA:362,121
DA:363,121
DA:364,105
DA:365,16
DA:366,16
DA:367,16
DA:368,16
DA:369,32
DA:370,32
DA:371,32
DA:372,32
DA:373,2
DA:374,2
DA:375,2
DA:376,2
DA:377,2
DA:378,2
DA:379,2
DA:380,2
DA:381,2
DA:382,2
DA:383,32
DA:384,32
DA:385,19
DA:386,32
DA:387,32
DA:388,32
DA:389,32
DA:390,32
DA:391,32
DA:392,32
DA:393,16
DA:394,16
DA:395,16
DA:396,16
DA:397,121
DA:398,121
DA:399,121
DA:400,121
DA:401,121
DA:402,121
DA:403,2
DA:404,2
DA:405,2
DA:406,2
DA:407,2
DA:408,2
DA:409,121
DA:410,121
DA:411,121
DA:412,121
DA:413,121
DA:414,121
DA:415,121
DA:416,121
DA:417,121
DA:418,121
DA:419,121
DA:420,121
DA:421,121
DA:422,121
DA:423,121
DA:424,121
DA:425,121
DA:426,121
DA:427,121
DA:428,121
DA:429,121
DA:430,121
DA:431,121
DA:432,121
DA:433,121
DA:434,121
DA:435,121
DA:436,121
DA:437,121
DA:438,121
DA:439,121
DA:440,121
DA:441,121
DA:442,121
DA:443,121
DA:444,121
DA:445,0
DA:446,0
DA:447,0
DA:448,0
DA:449,0
DA:450,121
DA:451,121
DA:452,121
DA:453,121
DA:454,121
DA:455,121
DA:456,121
DA:457,121
DA:458,121
DA:459,121
DA:460,121
DA:461,121
DA:462,121
DA:463,121
DA:464,121
DA:465,121
DA:466,121
DA:467,121
DA:468,121
DA:469,121
DA:470,121
DA:471,0
DA:472,0
DA:473,0
DA:474,0
DA:475,0
DA:476,0
DA:477,0
DA:478,121
DA:479,121
DA:480,121
DA:481,121
DA:482,121
DA:483,121
DA:484,121
DA:485,121
DA:486,0
DA:487,0
DA:488,0
DA:489,0
DA:490,0
DA:491,0
DA:492,0
DA:493,0
DA:494,0
DA:495,121
DA:496,121
DA:497,121
DA:498,121
DA:499,121
DA:500,0
DA:501,0
DA:502,0
DA:503,0
DA:504,0
DA:505,121
DA:506,121
DA:507,121
DA:508,121
LF:508
LH:417
BRDA:25,0,0,121
BRDA:71,1,0,0
BRDA:363,2,0,105
BRDA:364,3,0,16
BRDA:402,4,0,2
BRDA:422,5,0,0
BRDA:430,6,0,111
BRDA:444,7,0,0
BRDA:466,8,0,0
BRDA:467,9,0,0
BRDA:482,10,0,0
BRDA:482,11,0,0
BRDA:499,12,0,0
BRDA:29,13,0,16
BRDA:93,14,0,121
BRDA:94,15,0,0
BRDA:99,16,0,27
BRDA:100,17,0,11
BRDA:119,18,0,2
BRDA:121,19,0,0
BRDA:128,20,0,1
BRDA:135,21,0,0
BRDA:138,22,0,1
BRDA:148,23,0,0
BRDA:148,24,0,1
BRDA:153,25,0,1
BRDA:155,26,0,0
BRDA:167,27,0,1
BRDA:172,28,0,0
BRDA:178,29,0,1
BRDA:179,30,0,0
BRDA:183,31,0,6
BRDA:185,32,0,0
BRDA:193,33,0,0
BRDA:194,34,0,2
BRDA:194,35,0,4
BRDA:201,36,0,0
BRDA:211,37,0,0
BRDA:222,38,0,0
BRDA:228,39,0,1
BRDA:230,40,0,5
BRDA:232,41,0,0
BRDA:234,42,0,5
BRDA:240,43,0,10
BRDA:242,44,0,5
BRDA:246,45,0,1
BRDA:248,46,0,9
BRDA:249,47,0,0
BRDA:255,48,0,18
BRDA:256,49,0,9
BRDA:263,50,0,4
BRDA:279,51,0,5
BRDA:279,52,0,4
BRDA:287,53,0,1
BRDA:297,54,0,0
BRDA:310,55,0,5
BRDA:312,56,0,1
BRDA:215,57,0,6
BRDA:265,58,0,4
BRDA:266,59,0,8
BRDA:267,60,0,4
BRDA:271,61,0,2
BRDA:271,62,0,2
BRDA:272,63,0,0
BRDA:273,64,0,0
BRDA:274,65,0,2
BRDA:275,66,0,4
BRDA:280,67,0,4
BRDA:281,68,0,8
BRDA:282,69,0,4
BRDA:283,70,0,4
BRDA:289,71,0,1
BRDA:290,72,0,2
BRDA:291,73,0,1
BRDA:292,74,0,1
BRDA:313,75,0,1
BRDA:314,76,0,2
BRDA:315,77,0,1
BRDA:318,78,0,0
BRDA:320,79,0,1
BRDA:329,80,0,91
BRDA:330,81,0,6
BRDA:330,82,0,6
BRDA:368,83,0,32
BRDA:372,84,0,4
BRDA:372,85,0,2
BRDA:384,86,0,19
BRDA:391,87,0,16
BRDA:420,88,0,85
BRF:89
BRH:63
end_of_record
TN:
SF:src/pages/LoginPage.tsx
FN:24,DocIcon
FN:36,GoogleLogo
FN:47,ErrorIcon
FN:55,CheckIcon
FN:63,PasswordStrength
FN:90,LoginPage
FN:102,handleAuthSubmit
FN:148,handleGoogleCredential
FN:204,handleGoogleLogin
FN:220,init
FN:234,handleReset
FN:252,switchMode
FN:292,onChange
FN:302,onClick
FN:355,onChange
FN:360,onChange
FN:367,onChange
FN:374,onClick
FN:414,onClick
FN:415,onClick
FN:422,onClick
FNF:21
FNH:16
FNDA:458,DocIcon
FNDA:182,GoogleLogo
FNDA:7,ErrorIcon
FNDA:1,CheckIcon
FNDA:135,PasswordStrength
FNDA:229,LoginPage
FNDA:8,handleAuthSubmit
FNDA:0,handleGoogleCredential
FNDA:1,handleGoogleLogin
FNDA:0,init
FNDA:2,handleReset
FNDA:8,switchMode
FNDA:39,onChange
FNDA:1,onClick
FNDA:32,onChange
FNDA:72,onChange
FNDA:39,onChange
FNDA:4,onClick
FNDA:0,onClick
FNDA:0,onClick
FNDA:0,onClick
DA:1,1
DA:2,1
DA:3,1
DA:4,1
DA:5,1
DA:6,1
DA:7,1
DA:8,1
DA:9,1
DA:10,1
DA:11,1
DA:12,1
DA:13,1
DA:14,1
DA:15,1
DA:16,1
DA:17,1
DA:18,1
DA:19,1
DA:20,1
DA:21,1
DA:22,1
DA:23,1
DA:24,458
DA:25,458
DA:26,458
DA:27,458
DA:28,458
DA:29,458
DA:30,458
DA:31,458
DA:32,458
DA:33,458
DA:34,458
DA:35,1
DA:36,182
DA:37,182
DA:38,182
DA:39,182
DA:40,182
DA:41,182
DA:42,182
DA:43,182
DA:44,182
DA:45,182
DA:46,1
DA:47,7
DA:48,7
DA:49,7
DA:50,7
DA:51,7
DA:52,7
DA:53,7
DA:54,1
DA:55,1
DA:56,1
DA:57,1
DA:58,1
DA:59,1
DA:60,1
DA:61,1
DA:62,1
DA:63,135
DA:64,135
DA:65,68
DA:66,61
DA:67,61
DA:68,61
DA:69,61
DA:70,61
DA:71,61
DA:72,68
DA:73,68
DA:74,4
DA:75,0
DA:76,135
DA:77,135
DA:78,106
DA:79,106
DA:80,106
DA:81,106
DA:82,424
DA:83,106
DA:84,106
DA:85,106
DA:86,106
DA:87,106
DA:88,106
DA:89,1
DA:90,229
DA:91,229
DA:92,229
DA:93,229
DA:94,229
DA:95,229
DA:96,229
DA:97,229
DA:98,229
DA:99,229
DA:100,229
DA:101,229
DA:102,229
DA:103,8
DA:104,8
DA:105,2
DA:106,2
DA:107,2
DA:108,8
DA:109,1
DA:110,1
DA:111,1
DA:112,8
DA:113,1
DA:114,1
DA:115,1
DA:116,4
DA:117,4
DA:118,4
DA:119,8
DA:120,8
DA:121,8
DA:122,2
DA:123,2
DA:124,4
DA:125,4
DA:126,4
DA:127,4
DA:128,4
DA:129,4
DA:130,3
DA:131,8
DA:132,8
DA:133,2
DA:134,2
DA:135,2
DA:136,1
DA:137,1
DA:138,1
DA:139,1
DA:140,8
DA:141,4
DA:142,4
DA:143,8
DA:144,229
DA:145,229
DA:146,229
DA:147,229
DA:148,229
DA:149,0
DA:150,0
DA:151,0
DA:152,0
DA:153,0
DA:154,0
DA:155,0
DA:156,0
DA:157,0
DA:158,0
DA:159,0
DA:160,0
DA:161,0
DA:162,0
DA:163,0
DA:164,0
DA:165,0
DA:166,0
DA:167,0
DA:168,0
DA:169,0
DA:170,0
DA:171,0
DA:172,0
DA:173,0
DA:174,0
DA:175,0
DA:176,0
DA:177,0
DA:178,0
DA:179,0
DA:180,0
DA:181,0
DA:182,0
DA:183,0
DA:184,0
DA:185,0
DA:186,0
DA:187,0
DA:188,0
DA:189,0
DA:190,0
DA:191,0
DA:192,0
DA:193,229
DA:194,229
DA:195,0
DA:196,0
DA:197,0
DA:198,0
DA:199,0
DA:200,0
DA:201,0
DA:202,229
DA:203,229
DA:204,229
DA:205,1
DA:206,1
DA:207,1
DA:208,1
DA:209,1
DA:210,1
DA:211,1
DA:212,1
DA:213,1
DA:214,1
DA:215,1
DA:216,229
DA:217,229
DA:218,18
DA:219,1
DA:220,1
DA:221,17
DA:222,0
DA:223,0
DA:224,0
DA:225,0
DA:226,0
DA:227,0
DA:228,0
DA:229,0
DA:230,0
DA:231,1
DA:232,229
DA:233,229
DA:234,229
DA:235,2
DA:236,2
DA:237,2
DA:238,2
DA:239,2
DA:240,2
DA:241,2
DA:242,2
DA:243,2
DA:244,2
DA:245,2
DA:246,1
DA:247,1
DA:248,1
DA:249,2
DA:250,2
DA:251,229
DA:252,229
DA:253,8
DA:254,8
DA:255,8
DA:256,8
DA:257,229
DA:258,229
DA:259,47
DA:260,47
DA:261,47
DA:262,47
DA:263,47
DA:264,47
DA:265,47
DA:266,47
DA:267,47
DA:268,47
DA:269,47
DA:270,47
DA:271,47
DA:272,47
DA:273,47
DA:274,47
DA:275,47
DA:276,47
DA:277,47
DA:278,47
DA:279,47
DA:280,47
DA:281,47
DA:282,47
DA:283,47
DA:284,47
DA:285,1
DA:286,1
DA:287,1
DA:288,1
DA:289,46
DA:290,46
DA:291,46
DA:292,46
DA:293,46
DA:294,46
DA:295,46
DA:296,1
DA:297,1
DA:298,1
DA:299,1
DA:300,46
DA:301,46
DA:302,46
DA:303,46
DA:304,46
DA:305,46
DA:306,46
DA:307,46
DA:308,47
DA:309,47
DA:310,47
DA:311,47
DA:312,47
DA:313,47
DA:314,182
DA:315,182
DA:316,182
DA:317,182
DA:318,182
DA:319,182
DA:320,182
DA:321,182
DA:322,182
DA:323,182
DA:324,182
DA:325,182
DA:326,229
DA:327,229
DA:328,229
DA:329,229
DA:330,47
DA:331,135
DA:332,229
DA:333,229
DA:334,229
DA:335,229
DA:336,229
DA:337,229
DA:338,229
DA:339,229
DA:340,229
DA:341,229
DA:342,229
DA:343,229
DA:344,229
DA:345,229
DA:346,229
DA:347,229
DA:348,229
DA:349,229
DA:350,229
DA:351,229
DA:352,229
DA:353,229
DA:354,229
DA:355,229
DA:356,229
DA:357,229
DA:358,229
DA:359,229
DA:360,229
DA:361,229
DA:362,229
DA:363,229
DA:364,229
DA:365,229
DA:366,135
DA:367,135
DA:368,135
DA:369,135
DA:370,229
DA:371,229
DA:372,229
DA:373,47
DA:374,47
DA:375,47
DA:376,229
DA:377,229
DA:378,229
DA:379,6
DA:380,6
DA:381,6
DA:382,6
DA:383,229
DA:384,229
DA:385,229
DA:386,229
DA:387,229
DA:388,229
DA:389,229
DA:390,229
DA:391,229
DA:392,229
DA:393,229
DA:394,229
DA:395,229
DA:396,229
DA:397,229
DA:398,229
DA:399,229
DA:400,229
DA:401,229
DA:402,229
DA:403,229
DA:404,229
DA:405,229
DA:406,229
DA:407,229
DA:408,229
DA:409,229
DA:410,229
DA:411,229
DA:412,229
DA:413,229
DA:414,1
DA:415,1
DA:416,1
DA:417,1
DA:418,1
DA:419,1
DA:420,1
DA:421,1
DA:422,1
DA:423,1
DA:424,1
DA:425,229
DA:426,229
DA:427,229
DA:428,229
LF:428
LH:367
BRDA:23,0,0,2
BRDA:24,1,0,458
BRDA:36,2,0,182
BRDA:47,3,0,7
BRDA:55,4,0,1
BRDA:63,5,0,135
BRDA:77,6,0,29
BRDA:77,7,0,106
BRDA:64,8,0,68
BRDA:65,9,0,7
BRDA:65,10,0,61
BRDA:67,11,0,12
BRDA:67,12,0,61
BRDA:68,13,0,4
BRDA:68,14,0,61
BRDA:69,15,0,28
BRDA:69,16,0,61
BRDA:70,17,0,27
BRDA:70,18,0,61
BRDA:71,19,0,1
BRDA:71,20,0,61
BRDA:72,21,0,55
BRDA:72,22,0,6
BRDA:73,23,0,2
BRDA:73,24,0,4
BRDA:74,25,0,0
BRDA:81,26,0,424
BRDA:82,27,0,146
BRDA:82,28,0,278
BRDA:90,29,0,229
BRDA:258,30,0,47
BRDA:284,31,0,1
BRDA:288,32,0,46
BRDA:295,33,0,1
BRDA:304,34,0,2
BRDA:304,35,0,44
BRDA:313,36,0,182
BRDA:326,37,0,47
BRDA:326,38,0,135
BRDA:329,39,0,47
BRDA:330,40,0,135
BRDA:347,41,0,47
BRDA:347,42,0,135
BRDA:350,43,0,47
BRDA:350,44,0,135
BRDA:362,45,0,135
BRDA:365,46,0,135
BRDA:372,47,0,47
BRDA:378,48,0,6
BRDA:387,49,0,47
BRDA:387,50,0,135
BRDA:390,51,0,4
BRDA:390,52,0,178
BRDA:413,53,0,1
BRDA:102,54,0,8
BRDA:104,55,0,6
BRDA:104,56,0,2
BRDA:107,57,0,6
BRDA:108,58,0,4
BRDA:108,59,0,1
BRDA:111,60,0,5
BRDA:112,61,0,3
BRDA:112,62,0,1
BRDA:115,63,0,4
BRDA:119,64,0,2
BRDA:119,65,0,2
BRDA:121,66,0,2
BRDA:122,67,0,0
BRDA:123,68,0,4
BRDA:129,69,0,3
BRDA:131,70,0,0
BRDA:131,71,0,1
BRDA:131,72,0,3
BRDA:132,73,0,1
BRDA:132,74,0,0
BRDA:132,75,0,0
BRDA:132,76,0,0
BRDA:132,77,0,2
BRDA:135,78,0,1
BRDA:138,79,0,0
BRDA:140,80,0,4
BRDA:204,81,0,1
BRDA:210,82,0,0
BRDA:212,83,0,0
BRDA:217,84,0,18
BRDA:218,85,0,17
BRDA:218,86,0,1
BRDA:221,87,0,0
BRDA:230,88,0,1
BRDA:231,89,0,1
BRDA:234,90,0,2
BRDA:236,91,0,0
BRDA:245,92,0,1
BRDA:245,93,0,0
BRDA:248,94,0,0
BRDA:252,95,0,8
BRDA:253,96,0,7
BRDA:253,97,0,1
BRDA:292,98,0,39
BRDA:302,99,0,1
BRDA:355,100,0,32
BRDA:360,101,0,72
BRDA:367,102,0,39
BRDA:374,103,0,4
BRF:104
BRH:91
end_of_record
TN:
SF:src/pages/SupplyChainPage.tsx
FN:1,(empty-report)
FNF:1
FNH:0
FNDA:0,(empty-report)
DA:1,0
DA:2,0
DA:3,0
DA:4,0
DA:5,0
DA:6,0
DA:7,0
DA:8,0
DA:9,0
DA:10,0
DA:11,0
DA:12,0
DA:13,0
DA:14,0
DA:15,0
DA:16,0
DA:17,0
DA:18,0
DA:19,0
DA:20,0
DA:21,0
DA:22,0
DA:23,0
DA:24,0
DA:25,0
DA:26,0
DA:27,0
DA:28,0
DA:29,0
DA:30,0
DA:31,0
DA:32,0
DA:33,0
DA:34,0
DA:35,0
DA:36,0
DA:37,0
DA:38,0
DA:39,0
DA:40,0
DA:41,0
DA:42,0
DA:43,0
DA:44,0
DA:45,0
DA:46,0
DA:47,0
DA:48,0
DA:49,0
DA:50,0
DA:51,0
DA:52,0
DA:53,0
DA:54,0
DA:55,0
DA:56,0
DA:57,0
LF:57
LH:0
BRDA:1,0,0,0
BRF:1
BRH:0
end_of_record
TN:
SF:src/services/supplyChainApi.ts
FN:1,(empty-report)
FNF:1
FNH:0
FNDA:0,(empty-report)
DA:1,0
DA:2,0
DA:3,0
DA:4,0
DA:5,0
DA:6,0
DA:7,0
DA:8,0
DA:9,0
DA:10,0
DA:11,0
DA:12,0
DA:13,0
DA:14,0
DA:15,0
DA:16,0
DA:17,0
DA:18,0
DA:19,0
DA:20,0
DA:21,0
DA:22,0
DA:23,0
DA:24,0
DA:25,0
DA:26,0
DA:27,0
DA:28,0
DA:29,0
DA:30,0
DA:31,0
DA:32,0
DA:33,0
DA:34,0
DA:35,0
DA:36,0
DA:37,0
DA:38,0
DA:39,0
DA:40,0
DA:41,0
DA:42,0
DA:43,0
DA:44,0
DA:45,0
DA:46,0
DA:47,0
DA:48,0
DA:49,0
DA:50,0
DA:51,0
DA:52,0
DA:53,0
DA:54,0
DA:55,0
DA:56,0
DA:57,0
DA:58,0
DA:59,0
DA:60,0
DA:61,0
DA:62,0
DA:63,0
DA:64,0
DA:65,0
DA:66,0
DA:67,0
DA:68,0
DA:69,0
DA:70,0
DA:71,0
DA:72,0
DA:73,0
DA:74,0
DA:75,0
DA:76,0
DA:77,0
DA:78,0
DA:79,0
DA:80,0
DA:81,0
DA:82,0
DA:83,0
DA:84,0
DA:85,0
DA:86,0
DA:87,0
DA:88,0
DA:89,0
DA:90,0
DA:91,0
DA:92,0
DA:93,0
DA:94,0
DA:95,0
DA:96,0
DA:97,0
DA:98,0
DA:99,0
DA:100,0
DA:101,0
LF:101
LH:0
BRDA:1,0,0,0
BRF:1
BRH:0
end_of_record
