TN:
SF:src/App.tsx
FN:17,AppContent
FN:31,App
FNF:2
FNH:2
FNDA:2,AppContent
FNDA:2,App
DA:1,1
DA:2,1
DA:3,1
DA:4,1
DA:5,1
DA:6,1
DA:7,1
DA:8,1
DA:9,1
DA:10,1
DA:11,1
DA:12,1
DA:13,1
DA:14,1
DA:15,1
DA:16,1
DA:17,2
DA:18,2
DA:19,2
DA:20,2
DA:21,1
DA:22,1
DA:23,1
DA:24,1
DA:25,1
DA:26,1
DA:27,1
DA:28,1
DA:29,1
DA:30,1
DA:31,2
DA:32,2
DA:33,2
DA:34,2
DA:35,2
DA:36,2
DA:37,2
DA:38,2
DA:39,2
LF:39
LH:39
BRDA:17,0,0,2
BRDA:20,1,0,1
BRDA:31,2,0,2
BRF:3
BRH:3
end_of_record
TN:
SF:src/csrf.ts
FN:5,bootstrapCsrfToken
FN:16,csrfHeaders
FNF:2
FNH:1
FNDA:0,bootstrapCsrfToken
FNDA:5,csrfHeaders
DA:1,1
DA:2,1
DA:3,1
DA:4,1
DA:5,0
DA:6,0
DA:7,0
DA:8,0
DA:9,0
DA:10,0
DA:11,0
DA:12,0
DA:13,0
DA:14,0
DA:15,1
DA:16,1
DA:17,5
DA:18,5
LF:18
LH:8
BRDA:16,0,0,5
BRDA:17,1,0,0
BRF:2
BRH:1
end_of_record
TN:
SF:src/index.tsx
FN:1,(empty-report)
FNF:1
FNH:0
FNDA:0,(empty-report)
DA:1,0
DA:2,0
DA:3,0
DA:4,0
DA:5,0
DA:6,0
DA:7,0
DA:8,0
DA:9,0
DA:10,0
DA:11,0
DA:12,0
DA:13,0
DA:14,0
DA:15,0
DA:16,0
DA:17,0
DA:18,0
DA:19,0
DA:20,0
DA:21,0
DA:22,0
DA:23,0
DA:24,0
DA:25,0
DA:26,0
DA:27,0
DA:28,0
LF:28
LH:0
BRDA:1,0,0,0
BRF:1
BRH:0
end_of_record
TN:
SF:src/types.ts
FN:1,(empty-report)
FNF:1
FNH:0
FNDA:0,(empty-report)
DA:1,0
DA:2,0
DA:3,0
DA:4,0
DA:5,0
DA:6,0
DA:7,0
DA:8,0
DA:9,0
DA:10,0
DA:11,0
DA:12,0
DA:13,0
DA:14,0
DA:15,0
DA:16,0
DA:17,0
DA:18,0
DA:19,0
DA:20,0
DA:21,0
DA:22,0
DA:23,0
DA:24,0
DA:25,0
DA:26,0
DA:27,0
DA:28,0
DA:29,0
DA:30,0
DA:31,0
DA:32,0
DA:33,0
DA:34,0
DA:35,0
DA:36,0
DA:37,0
DA:38,0
DA:39,0
DA:40,0
DA:41,0
DA:42,0
DA:43,0
DA:44,0
DA:45,0
DA:46,0
DA:47,0
DA:48,0
DA:49,0
DA:50,0
DA:51,0
DA:52,0
DA:53,0
DA:54,0
DA:55,0
DA:56,0
DA:57,0
DA:58,0
DA:59,0
DA:60,0
DA:61,0
DA:62,0
DA:63,0
DA:64,0
DA:65,0
DA:66,0
DA:67,0
DA:68,0
DA:69,0
DA:70,0
DA:71,0
LF:71
LH:0
BRDA:1,0,0,0
BRF:1
BRH:0
end_of_record
TN:
SF:src/components/AppBar.tsx
FN:7,AppBar
FNF:1
FNH:1
FNDA:46,AppBar
DA:1,1
DA:2,1
DA:3,1
DA:4,1
DA:5,1
DA:6,1
DA:7,46
DA:8,46
DA:9,46
DA:10,46
DA:11,46
DA:12,46
DA:13,46
DA:14,46
DA:15,46
DA:16,46
DA:17,46
DA:18,46
DA:19,46
DA:20,46
DA:21,46
DA:22,46
DA:23,46
DA:24,46
DA:25,46
DA:26,46
DA:27,46
DA:28,46
DA:29,46
DA:30,46
DA:31,46
DA:32,46
DA:33,46
DA:34,46
DA:35,46
DA:36,46
DA:37,46
DA:38,46
DA:39,46
DA:40,46
DA:41,46
DA:42,46
DA:43,46
DA:44,46
DA:45,46
DA:46,46
DA:47,46
DA:48,46
DA:49,46
DA:50,46
DA:51,46
DA:52,46
DA:53,46
DA:54,46
DA:55,46
DA:56,46
DA:57,46
DA:58,46
DA:59,46
DA:60,46
DA:61,46
DA:62,46
DA:63,46
DA:64,46
DA:65,46
DA:66,46
DA:67,46
DA:68,46
DA:69,46
DA:70,46
DA:71,46
LF:71
LH:71
BRDA:7,0,0,46
BRDA:8,1,0,0
BRF:2
BRH:1
end_of_record
TN:
SF:src/components/DocumentViewer.tsx
FN:19,DocumentViewer
FN:33,queryFn
FNF:2
FNH:2
FNDA:7,DocumentViewer
FNDA:4,queryFn
DA:1,1
DA:2,1
DA:3,1
DA:4,1
DA:5,1
DA:6,1
DA:7,1
DA:8,1
DA:9,1
DA:10,1
DA:11,1
DA:12,1
DA:13,1
DA:14,1
DA:15,1
DA:16,1
DA:17,1
DA:18,1
DA:19,7
DA:20,7
DA:21,7
DA:22,7
DA:23,7
DA:24,7
DA:25,7
DA:26,7
DA:27,7
DA:28,7
DA:29,7
DA:30,7
DA:31,7
DA:32,7
DA:33,7
DA:34,4
DA:35,4
DA:36,4
DA:37,4
DA:38,3
DA:39,4
DA:40,7
DA:41,7
DA:42,7
DA:43,7
DA:44,7
DA:45,7
DA:46,7
DA:47,7
DA:48,7
DA:49,7
DA:50,7
DA:51,7
DA:52,7
DA:53,7
DA:54,7
DA:55,7
DA:56,7
DA:57,7
DA:58,7
DA:59,7
DA:60,7
DA:61,7
DA:62,7
DA:63,7
DA:64,2
DA:65,2
DA:66,2
DA:67,7
DA:68,7
DA:69,7
DA:70,7
DA:71,7
DA:72,7
DA:73,7
DA:74,7
DA:75,7
DA:76,7
DA:77,7
DA:78,7
DA:79,7
DA:80,7
DA:81,7
DA:82,7
DA:83,4
DA:84,4
DA:85,4
DA:86,4
DA:87,7
DA:88,7
DA:89,1
DA:90,1
DA:91,1
DA:92,1
DA:93,1
DA:94,1
DA:95,7
DA:96,7
DA:97,7
DA:98,2
DA:99,2
DA:100,0
DA:101,0
DA:102,0
DA:103,0
DA:104,2
DA:105,2
DA:106,1
DA:107,1
DA:108,1
DA:109,1
DA:110,1
DA:111,2
DA:112,2
DA:113,2
DA:114,2
DA:115,2
DA:116,2
DA:117,2
DA:118,2
DA:119,2
DA:120,2
DA:121,2
DA:122,2
DA:123,2
DA:124,2
DA:125,1
DA:126,1
DA:127,2
DA:128,2
DA:129,2
DA:130,2
DA:131,2
DA:132,2
DA:133,2
DA:134,2
DA:135,1
DA:136,1
DA:137,1
DA:138,2
DA:139,2
DA:140,2
DA:141,2
DA:142,2
DA:143,2
DA:144,2
DA:145,1
DA:146,2
DA:147,2
DA:148,7
DA:149,7
DA:150,7
DA:151,7
DA:152,7
LF:152
LH:148
BRDA:19,0,0,7
BRDA:43,1,0,2
BRDA:43,2,0,1
BRDA:43,3,0,6
BRDA:43,4,0,1
BRDA:43,5,0,5
BRDA:62,6,0,2
BRDA:62,7,0,1
BRDA:63,8,0,2
BRDA:65,9,0,1
BRDA:82,10,0,4
BRDA:88,11,0,1
BRDA:97,12,0,2
BRDA:99,13,0,0
BRDA:105,14,0,1
BRDA:108,15,0,1
BRDA:33,16,0,4
BRDA:35,17,0,0
BRDA:37,18,0,1
BRDA:37,19,0,3
BRDA:110,20,0,2
BRDA:112,21,0,0
BRDA:113,22,0,1
BRDA:113,23,0,1
BRDA:114,24,0,1
BRDA:114,25,0,1
BRDA:124,26,0,1
BRDA:125,27,0,1
BRDA:128,28,0,1
BRDA:132,29,0,0
BRDA:134,30,0,1
BRF:31
BRH:27
end_of_record
TN:
SF:src/components/ErrorBoundary.tsx
FN:16,<instance_members_initializer>
FN:21,getDerivedStateFromError
FN:25,componentDidCatch
FN:29,handleReset
FN:33,render
FNF:5
FNH:5
FNDA:8,<instance_members_initializer>
FNDA:8,getDerivedStateFromError
FNDA:4,componentDidCatch
FNDA:1,handleReset
FNDA:18,render
DA:1,1
DA:2,1
DA:3,1
DA:4,1
DA:5,1
DA:6,1
DA:7,1
DA:8,1
DA:9,1
DA:10,1
DA:11,1
DA:12,1
DA:13,1
DA:14,1
DA:15,1
DA:16,1
DA:17,8
DA:18,8
DA:19,8
DA:20,8
DA:21,8
DA:22,8
DA:23,8
DA:24,8
DA:25,8
DA:26,4
DA:27,4
DA:28,8
DA:29,8
DA:30,1
DA:31,1
DA:32,1
DA:33,1
DA:34,18
DA:35,8
DA:36,2
DA:37,2
DA:38,6
DA:39,6
DA:40,6
DA:41,6
DA:42,6
DA:43,6
DA:44,6
DA:45,6
DA:46,6
DA:47,6
DA:48,6
DA:49,6
DA:50,6
DA:51,6
DA:52,6
DA:53,6
DA:54,6
DA:55,6
DA:56,6
DA:57,8
DA:58,8
DA:59,8
DA:60,8
DA:61,8
DA:62,8
DA:63,8
DA:64,8
DA:65,8
DA:66,8
DA:67,8
DA:68,10
DA:69,10
DA:70,18
DA:71,1
DA:72,1
DA:73,1
LF:73
LH:73
BRDA:16,0,0,8
BRDA:21,1,0,8
BRDA:25,2,0,4
BRDA:29,3,0,1
BRDA:33,4,0,18
BRDA:34,5,0,8
BRDA:35,6,0,2
BRDA:37,7,0,6
BRDA:67,8,0,10
BRF:9
BRH:9
end_of_record
TN:
SF:src/components/EvidenceState.tsx
FN:15,EvidenceState
FNF:1
FNH:1
FNDA:11,EvidenceState
DA:1,1
DA:2,1
DA:3,1
DA:4,1
DA:5,1
DA:6,1
DA:7,1
DA:8,1
DA:9,1
DA:10,1
DA:11,1
DA:12,1
DA:13,1
DA:14,1
DA:15,11
DA:16,11
DA:17,4
DA:18,5
DA:19,1
DA:20,1
DA:21,1
DA:22,1
DA:23,1
DA:24,1
DA:25,1
DA:26,1
DA:27,1
DA:28,1
DA:29,1
DA:30,1
DA:31,1
DA:32,1
DA:33,3
DA:34,5
DA:35,1
DA:36,1
DA:37,1
DA:38,1
DA:39,1
DA:40,1
DA:41,1
DA:42,1
DA:43,1
DA:44,1
DA:45,1
DA:46,1
DA:47,1
DA:48,2
DA:49,2
DA:50,2
DA:51,1
DA:52,1
DA:53,0
DA:54,1
DA:55,1
DA:56,0
DA:57,11
DA:58,11
DA:59,11
DA:60,11
DA:61,11
DA:62,11
DA:63,11
DA:64,11
DA:65,11
DA:66,11
DA:67,11
DA:68,11
DA:69,2
DA:70,2
DA:71,2
DA:72,11
DA:73,11
DA:74,11
DA:75,11
DA:76,11
DA:77,11
LF:77
LH:75
BRDA:15,0,0,11
BRDA:16,1,0,7
BRDA:16,2,0,5
BRDA:16,3,0,4
BRDA:18,4,0,1
BRDA:32,5,0,3
BRDA:34,6,0,1
BRDA:47,7,0,2
BRDA:50,8,0,1
BRDA:51,9,0,1
BRDA:52,10,0,0
BRDA:55,11,0,0
BRDA:68,12,0,2
BRDA:73,13,0,1
BRDA:74,14,0,0
BRF:15
BRH:12
end_of_record
TN:
SF:src/components/MessageBubble.tsx
FN:12,AssistantAvatar
FN:26,TypingDots
FN:37,UserAvatar
FN:48,MessageBubble
FN:76,a
FNF:5
FNH:5
FNDA:22,AssistantAvatar
FNDA:8,TypingDots
FNDA:11,UserAvatar
FNDA:33,MessageBubble
FNDA:1,a
DA:1,1
DA:2,1
DA:3,1
DA:4,1
DA:5,1
DA:6,1
DA:7,1
DA:8,1
DA:9,1
DA:10,1
DA:11,1
DA:12,22
DA:13,22
DA:14,22
DA:15,22
DA:16,22
DA:17,22
DA:18,22
DA:19,22
DA:20,22
DA:21,22
DA:22,22
DA:23,22
DA:24,1
DA:25,1
DA:26,8
DA:27,8
DA:28,8
DA:29,8
DA:30,8
DA:31,8
DA:32,8
DA:33,8
DA:34,8
DA:35,1
DA:36,1
DA:37,11
DA:38,11
DA:39,11
DA:40,11
DA:41,11
DA:42,11
DA:43,11
DA:44,11
DA:45,11
DA:46,11
DA:47,1
DA:48,33
DA:49,33
DA:50,33
DA:51,33
DA:52,11
DA:53,11
DA:54,11
DA:55,11
DA:56,11
DA:57,11
DA:58,11
DA:59,11
DA:60,11
DA:61,22
DA:62,22
DA:63,22
DA:64,22
DA:65,22
DA:66,22
DA:67,14
DA:68,14
DA:69,14
DA:70,14
DA:71,14
DA:72,14
DA:73,14
DA:74,14
DA:75,14
DA:76,14
DA:77,1
DA:78,1
DA:79,1
DA:80,1
DA:81,1
DA:82,1
DA:83,14
DA:84,14
DA:85,14
DA:86,14
DA:87,14
DA:88,14
DA:89,8
DA:90,8
DA:91,33
DA:92,33
DA:93,33
DA:94,33
DA:95,33
LF:95
LH:95
BRDA:12,0,0,22
BRDA:26,1,0,8
BRDA:37,2,0,11
BRDA:48,3,0,33
BRDA:51,4,0,23
BRDA:51,5,0,11
BRDA:60,6,0,22
BRDA:66,7,0,14
BRDA:70,8,0,3
BRDA:70,9,0,11
BRDA:88,10,0,8
BRDA:76,11,0,1
BRF:12
BRH:12
end_of_record
TN:
SF:src/components/Sidebar.tsx
FN:13,Sidebar
FN:45,onClick
FNF:2
FNH:1
FNDA:46,Sidebar
FNDA:0,onClick
DA:1,1
DA:2,1
DA:3,1
DA:4,1
DA:5,1
DA:6,1
DA:7,1
DA:8,1
DA:9,1
DA:10,1
DA:11,1
DA:12,1
DA:13,46
DA:14,46
DA:15,46
DA:16,46
DA:17,46
DA:18,46
DA:19,46
DA:20,46
DA:21,46
DA:22,46
DA:23,46
DA:24,46
DA:25,46
DA:26,0
DA:27,0
DA:28,0
DA:29,0
DA:30,46
DA:31,46
DA:32,46
DA:33,46
DA:34,46
DA:35,46
DA:36,46
DA:37,46
DA:38,46
DA:39,46
DA:40,46
DA:41,46
DA:42,46
DA:43,46
DA:44,46
DA:45,46
DA:46,46
DA:47,46
DA:48,46
DA:49,46
DA:50,46
DA:51,46
DA:52,46
DA:53,46
DA:54,46
DA:55,46
DA:56,46
DA:57,46
DA:58,46
DA:59,46
DA:60,46
DA:61,46
DA:62,46
DA:63,46
DA:64,46
DA:65,46
DA:66,46
DA:67,46
DA:68,46
DA:69,46
DA:70,46
DA:71,46
DA:72,46
DA:73,46
DA:74,46
DA:75,46
DA:76,46
DA:77,46
DA:78,46
DA:79,46
DA:80,0
DA:81,0
DA:82,0
DA:83,0
DA:84,0
DA:85,0
DA:86,0
DA:87,0
DA:88,0
DA:89,0
DA:90,0
DA:91,0
DA:92,0
DA:93,0
DA:94,0
DA:95,0
DA:96,0
DA:97,0
DA:98,0
DA:99,0
DA:100,0
DA:101,0
DA:102,0
DA:103,0
DA:104,0
DA:105,0
DA:106,0
DA:107,0
DA:108,0
DA:109,46
DA:110,46
DA:111,46
DA:112,46
DA:113,46
DA:114,46
DA:115,46
DA:116,46
DA:117,46
DA:118,46
DA:119,46
DA:120,46
DA:121,46
LF:121
LH:88
BRDA:13,0,0,46
BRDA:25,1,0,0
BRDA:39,2,0,0
BRDA:79,3,0,0
BRF:4
BRH:1
end_of_record
TN:
SF:src/components/SourceCitations.tsx
FN:5,CitationCard
FN:44,onClick
FN:83,SourceCitations
FN:98,onClick
FNF:4
FNH:4
FNDA:7,CitationCard
FNDA:1,onClick
FNDA:21,SourceCitations
FNDA:5,onClick
DA:1,1
DA:2,1
DA:3,1
DA:4,1
DA:5,7
DA:6,7
DA:7,7
DA:8,7
DA:9,7
DA:10,7
DA:11,7
DA:12,7
DA:13,7
DA:14,7
DA:15,7
DA:16,7
DA:17,7
DA:18,0
DA:19,7
DA:20,7
DA:21,7
DA:22,7
DA:23,7
DA:24,7
DA:25,7
DA:26,7
DA:27,7
DA:28,7
DA:29,7
DA:30,7
DA:31,7
DA:32,6
DA:33,6
DA:34,6
DA:35,7
DA:36,7
DA:37,6
DA:38,6
DA:39,6
DA:40,7
DA:41,7
DA:42,7
DA:43,1
DA:44,1
DA:45,1
DA:46,1
DA:47,1
DA:48,1
DA:49,1
DA:50,7
DA:51,7
DA:52,7
DA:53,7
DA:54,7
DA:55,7
DA:56,7
DA:57,7
DA:58,7
DA:59,7
DA:60,7
DA:61,5
DA:62,2
DA:63,1
DA:64,1
DA:65,7
DA:66,7
DA:67,7
DA:68,7
DA:69,7
DA:70,7
DA:71,7
DA:72,7
DA:73,7
DA:74,1
DA:75,1
DA:76,1
DA:77,1
DA:78,1
DA:79,1
DA:80,1
DA:81,1
DA:82,1
DA:83,21
DA:84,21
DA:85,21
DA:86,21
DA:87,21
DA:88,21
DA:89,21
DA:90,21
DA:91,21
DA:92,21
DA:93,21
DA:94,21
DA:95,10
DA:96,10
DA:97,10
DA:98,10
DA:99,10
DA:100,10
DA:101,10
DA:102,10
DA:103,10
DA:104,10
DA:105,10
DA:106,10
DA:107,10
DA:108,10
DA:109,10
DA:110,5
DA:111,5
DA:112,7
DA:113,5
DA:114,5
DA:115,10
DA:116,10
DA:117,10
DA:118,10
DA:119,11
DA:120,11
DA:121,11
DA:122,1
DA:123,1
DA:124,1
DA:125,1
DA:126,1
DA:127,1
DA:128,1
DA:129,1
DA:130,1
DA:131,1
DA:132,1
DA:133,2
DA:134,2
DA:135,2
DA:136,2
DA:137,2
DA:138,2
DA:139,2
DA:140,2
DA:141,2
DA:142,2
DA:143,2
DA:144,2
DA:145,1
DA:146,1
DA:147,1
DA:148,1
DA:149,1
DA:150,10
DA:151,10
DA:152,10
LF:152
LH:151
BRDA:5,0,0,7
BRDA:14,1,0,6
BRDA:14,2,0,1
BRDA:17,3,0,0
BRDA:17,4,0,0
BRDA:24,5,0,0
BRDA:29,6,0,1
BRDA:31,7,0,6
BRDA:36,8,0,6
BRDA:42,9,0,1
BRDA:42,10,0,1
BRDA:60,11,0,5
BRDA:61,12,0,2
BRDA:62,13,0,1
BRDA:63,14,0,1
BRDA:44,15,0,1
BRDA:83,16,0,21
BRDA:94,17,0,10
BRDA:94,18,0,10
BRDA:107,19,0,5
BRDA:107,20,0,5
BRDA:109,21,0,5
BRDA:118,22,0,11
BRDA:121,23,0,1
BRDA:149,24,0,10
BRDA:98,25,0,5
BRDA:98,26,0,5
BRDA:111,27,0,7
BRDA:132,28,0,2
BRDA:134,29,0,0
BRF:30
BRH:26
end_of_record
TN:
SF:src/components/UserMenu.tsx
FN:1,(empty-report)
FNF:1
FNH:0
FNDA:0,(empty-report)
DA:1,0
DA:2,0
DA:3,0
DA:4,0
DA:5,0
DA:6,0
DA:7,0
DA:8,0
DA:9,0
DA:10,0
DA:11,0
DA:12,0
DA:13,0
DA:14,0
DA:15,0
DA:16,0
DA:17,0
DA:18,0
DA:19,0
DA:20,0
DA:21,0
DA:22,0
DA:23,0
DA:24,0
DA:25,0
DA:26,0
DA:27,0
DA:28,0
DA:29,0
DA:30,0
DA:31,0
DA:32,0
DA:33,0
DA:34,0
DA:35,0
DA:36,0
DA:37,0
DA:38,0
DA:39,0
DA:40,0
DA:41,0
DA:42,0
DA:43,0
DA:44,0
DA:45,0
DA:46,0
DA:47,0
DA:48,0
DA:49,0
DA:50,0
DA:51,0
DA:52,0
DA:53,0
DA:54,0
DA:55,0
DA:56,0
DA:57,0
DA:58,0
DA:59,0
DA:60,0
DA:61,0
DA:62,0
DA:63,0
DA:64,0
DA:65,0
DA:66,0
DA:67,0
DA:68,0
DA:69,0
DA:70,0
DA:71,0
DA:72,0
DA:73,0
DA:74,0
DA:75,0
DA:76,0
DA:77,0
DA:78,0
DA:79,0
DA:80,0
DA:81,0
DA:82,0
DA:83,0
LF:83
LH:0
BRDA:1,0,0,0
BRF:1
BRH:0
end_of_record
TN:
SF:src/components/WelcomeScreen.tsx
FN:12,WelcomeScreen
FNF:1
FNH:1
FNDA:41,WelcomeScreen
DA:1,1
DA:2,1
DA:3,1
DA:4,1
DA:5,1
DA:6,1
DA:7,1
DA:8,1
DA:9,1
DA:10,1
DA:11,1
DA:12,41
DA:13,41
DA:14,41
DA:15,41
DA:16,41
DA:17,41
DA:18,41
DA:19,41
DA:20,41
DA:21,41
DA:22,41
DA:23,41
DA:24,41
DA:25,41
DA:26,41
DA:27,41
DA:28,41
DA:29,41
DA:30,41
DA:31,41
DA:32,41
DA:33,41
DA:34,41
DA:35,41
DA:36,41
DA:37,41
DA:38,164
DA:39,164
DA:40,164
DA:41,164
DA:42,164
DA:43,164
DA:44,164
DA:45,164
DA:46,164
DA:47,164
DA:48,41
DA:49,41
DA:50,41
DA:51,41
DA:52,41
DA:53,41
DA:54,41
DA:55,41
DA:56,41
DA:57,41
DA:58,41
DA:59,41
DA:60,41
DA:61,41
DA:62,41
DA:63,41
DA:64,41
DA:65,41
DA:66,41
DA:67,41
DA:68,41
LF:68
LH:68
BRDA:12,0,0,41
BRDA:37,1,0,164
BRF:2
BRH:2
end_of_record
TN:
SF:src/components/citationUtils.ts
FN:10,locationLabel
FNF:1
FNH:1
FNDA:7,locationLabel
DA:1,1
DA:2,1
DA:3,1
DA:4,1
DA:5,1
DA:6,1
DA:7,1
DA:8,1
DA:9,1
DA:10,1
DA:11,7
DA:12,7
DA:13,7
DA:14,7
DA:15,7
DA:16,7
LF:16
LH:16
BRDA:10,0,0,7
BRDA:12,1,0,6
BRDA:13,2,0,6
BRDA:14,3,0,6
BRDA:15,4,0,6
BRDA:15,5,0,1
BRF:6
BRH:6
end_of_record
TN:
SF:src/context/AuthContext.tsx
FN:24,AuthProvider
FN:68,useAuth
FNF:2
FNH:2
FNDA:33,AuthProvider
FNDA:160,useAuth
DA:1,1
DA:2,1
DA:3,1
DA:4,1
DA:5,1
DA:6,1
DA:7,1
DA:8,1
DA:9,1
DA:10,1
DA:11,1
DA:12,1
DA:13,1
DA:14,1
DA:15,1
DA:16,1
DA:17,1
DA:18,1
DA:19,1
DA:20,1
DA:21,1
DA:22,1
DA:23,1
DA:24,1
DA:25,33
DA:26,33
DA:27,33
DA:28,33
DA:29,33
DA:30,33
DA:31,6
DA:32,6
DA:33,6
DA:34,6
DA:35,33
DA:36,33
DA:37,33
DA:38,33
DA:39,2
DA:40,2
DA:41,2
DA:42,33
DA:43,33
DA:44,33
DA:45,33
DA:46,33
DA:47,33
DA:48,33
DA:49,33
DA:50,33
DA:51,33
DA:52,33
DA:53,33
DA:54,33
DA:55,33
DA:56,33
DA:57,33
DA:58,33
DA:59,33
DA:60,33
DA:61,33
DA:62,33
DA:63,33
DA:64,33
DA:65,33
DA:66,33
DA:67,1
DA:68,1
DA:69,160
DA:70,160
DA:71,0
DA:72,0
DA:73,160
DA:74,160
LF:74
LH:72
BRDA:24,0,0,33
BRDA:45,1,0,29
BRDA:47,2,0,32
BRDA:30,3,0,6
BRDA:38,4,0,2
BRDA:68,5,0,160
BRDA:70,6,0,0
BRF:7
BRH:6
end_of_record
TN:
SF:src/context/apiConfig.ts
FNF:0
FNH:0
DA:1,1
DA:2,1
DA:3,1
DA:4,1
LF:4
LH:4
BRF:0
BRH:0
end_of_record
TN:
SF:src/pages/ChatPage.tsx
FN:16,ChatPage
FN:43,queryFn
FN:87,handleNewChat
FN:95,handleFileUpload
FN:141,handleSendMessage
FN:285,handleKeyDown
FN:295,onMenuClick
FN:306,onUploadClick
FN:308,onClose
FN:315,onUploadClick
FN:329,onViewSource
FN:356,onChange
FN:384,onClose
FNF:13
FNH:5
FNDA:46,ChatPage
FNDA:1,queryFn
FNDA:0,handleNewChat
FNDA:0,handleFileUpload
FNDA:2,handleSendMessage
FNDA:33,handleKeyDown
FNDA:0,onMenuClick
FNDA:0,onUploadClick
FNDA:0,onClose
FNDA:0,onUploadClick
FNDA:0,onViewSource
FNDA:31,onChange
FNDA:0,onClose
DA:1,1
DA:2,1
DA:3,1
DA:4,1
DA:5,1
DA:6,1
DA:7,1
DA:8,1
DA:9,1
DA:10,1
DA:11,1
DA:12,1
DA:13,1
DA:14,1
DA:15,1
DA:16,46
DA:17,46
DA:18,46
DA:19,46
DA:20,46
DA:21,10
DA:22,10
DA:23,10
DA:24,10
DA:25,10
DA:26,10
DA:27,46
DA:28,46
DA:29,46
DA:30,46
DA:31,46
DA:32,46
DA:33,46
DA:34,46
DA:35,46
DA:36,46
DA:37,46
DA:38,46
DA:39,46
DA:40,46
DA:41,46
DA:42,46
DA:43,46
DA:44,1
DA:45,1
DA:46,1
DA:47,1
DA:48,0
DA:49,0
DA:50,1
DA:51,46
DA:52,46
DA:53,46
DA:54,46
DA:55,46
DA:56,46
DA:57,46
DA:58,1
DA:59,1
DA:60,1
DA:61,0
DA:62,0
DA:63,1
DA:64,1
DA:65,1
DA:66,0
DA:67,0
DA:68,46
DA:69,46
DA:70,46
DA:71,46
DA:72,46
DA:73,46
DA:74,46
DA:75,46
DA:76,46
DA:77,46
DA:78,46
DA:79,0
DA:80,0
DA:81,46
DA:82,46
DA:83,46
DA:84,14
DA:85,46
DA:86,46
DA:87,46
DA:88,0
DA:89,0
DA:90,0
DA:91,0
DA:92,0
DA:93,0
DA:94,46
DA:95,46
DA:96,0
DA:97,0
DA:98,0
DA:99,0
DA:100,0
DA:101,0
DA:102,0
DA:103,0
DA:104,0
DA:105,0
DA:106,0
DA:107,0
DA:108,0
DA:109,0
DA:110,0
DA:111,0
DA:112,0
DA:113,0
DA:114,0
DA:115,0
DA:116,0
DA:117,0
DA:118,0
DA:119,0
DA:120,0
DA:121,0
DA:122,0
DA:123,0
DA:124,0
DA:125,0
DA:126,0
DA:127,0
DA:128,0
DA:129,0
DA:130,0
DA:131,0
DA:132,0
DA:133,0
DA:134,0
DA:135,0
DA:136,0
DA:137,0
DA:138,0
DA:139,0
DA:140,46
DA:141,46
DA:142,2
DA:143,2
DA:144,2
DA:145,2
DA:146,2
DA:147,2
DA:148,2
DA:149,2
DA:150,2
DA:151,2
DA:152,2
DA:153,2
DA:154,2
DA:155,2
DA:156,2
DA:157,2
DA:158,2
DA:159,2
DA:160,2
DA:161,2
DA:162,2
DA:163,2
DA:164,2
DA:165,2
DA:166,2
DA:167,2
DA:168,2
DA:169,2
DA:170,2
DA:171,2
DA:172,2
DA:173,2
DA:174,2
DA:175,2
DA:176,2
DA:177,2
DA:178,2
DA:179,2
DA:180,2
DA:181,2
DA:182,2
DA:183,2
DA:184,2
DA:185,2
DA:186,1
DA:187,1
DA:188,1
DA:189,2
DA:190,0
DA:191,0
DA:192,1
DA:193,1
DA:194,1
DA:195,1
DA:196,1
DA:197,2
DA:198,2
DA:199,2
DA:200,1
DA:201,1
DA:202,1
DA:203,2
DA:204,2
DA:205,2
DA:206,2
DA:207,2
DA:208,2
DA:209,2
DA:210,2
DA:211,2
DA:212,2
DA:213,4
DA:214,2
DA:215,2
DA:216,2
DA:217,2
DA:218,4
DA:219,2
DA:220,2
DA:221,1
DA:222,1
DA:223,1
DA:224,2
DA:225,1
DA:226,1
DA:227,1
DA:228,1
DA:229,1
DA:230,1
DA:231,1
DA:232,1
DA:233,1
DA:234,1
DA:235,1
DA:236,1
DA:237,1
DA:238,2
DA:239,1
DA:240,1
DA:241,1
DA:242,1
DA:243,1
DA:244,0
DA:245,0
DA:246,0
DA:247,0
DA:248,0
DA:249,0
DA:250,0
DA:251,0
DA:252,0
DA:253,0
DA:254,0
DA:255,0
DA:256,0
DA:257,0
DA:258,0
DA:259,0
DA:260,0
DA:261,0
DA:262,0
DA:263,0
DA:264,0
DA:265,0
DA:266,2
DA:267,1
DA:268,2
DA:269,1
DA:270,1
DA:271,2
DA:272,1
DA:273,1
DA:274,1
DA:275,1
DA:276,1
DA:277,1
DA:278,1
DA:279,1
DA:280,2
DA:281,2
DA:282,2
DA:283,2
DA:284,46
DA:285,46
DA:286,33
DA:287,2
DA:288,2
DA:289,2
DA:290,33
DA:291,46
DA:292,46
DA:293,46
DA:294,46
DA:295,46
DA:296,46
DA:297,46
DA:298,46
DA:299,46
DA:300,46
DA:301,46
DA:302,46
DA:303,46
DA:304,46
DA:305,46
DA:306,46
DA:307,46
DA:308,46
DA:309,46
DA:310,46
DA:311,46
DA:312,46
DA:313,46
DA:314,46
DA:315,41
DA:316,5
DA:317,5
DA:318,5
DA:319,5
DA:320,10
DA:321,10
DA:322,10
DA:323,10
DA:324,6
DA:325,10
DA:326,10
DA:327,10
DA:328,10
DA:329,10
DA:330,10
DA:331,10
DA:332,5
DA:333,5
DA:334,5
DA:335,5
DA:336,46
DA:337,46
DA:338,46
DA:339,46
DA:340,46
DA:341,46
DA:342,0
DA:343,0
DA:344,0
DA:345,0
DA:346,0
DA:347,0
DA:348,46
DA:349,46
DA:350,46
DA:351,46
DA:352,46
DA:353,46
DA:354,46
DA:355,46
DA:356,46
DA:357,46
DA:358,46
DA:359,46
DA:360,46
DA:361,46
DA:362,46
DA:363,46
DA:364,46
DA:365,46
DA:366,46
DA:367,46
DA:368,46
DA:369,46
DA:370,46
DA:371,46
DA:372,46
DA:373,46
DA:374,46
DA:375,46
DA:376,46
DA:377,46
DA:378,46
DA:379,46
DA:380,46
DA:381,0
DA:382,0
DA:383,0
DA:384,0
DA:385,0
DA:386,46
DA:387,46
DA:388,46
DA:389,46
DA:390,46
DA:391,46
DA:392,46
DA:393,46
DA:394,46
DA:395,46
DA:396,46
DA:397,46
DA:398,46
DA:399,46
DA:400,46
LF:400
LH:307
BRDA:16,0,0,46
BRDA:55,1,0,0
BRDA:314,2,0,41
BRDA:315,3,0,5
BRDA:341,4,0,0
BRDA:358,5,0,0
BRDA:366,6,0,43
BRDA:380,7,0,0
BRDA:20,8,0,10
BRDA:43,9,0,1
BRDA:44,10,0,0
BRDA:47,11,0,0
BRDA:57,12,0,1
BRDA:58,13,0,0
BRDA:60,14,0,0
BRDA:60,15,0,0
BRDA:65,16,0,0
BRDA:77,17,0,46
BRDA:78,18,0,0
BRDA:83,19,0,14
BRDA:84,20,0,4
BRDA:141,21,0,2
BRDA:143,22,0,0
BRDA:151,23,0,0
BRDA:158,24,0,0
BRDA:168,25,0,0
BRDA:179,26,0,0
BRDA:185,27,0,1
BRDA:189,28,0,0
BRDA:191,29,0,1
BRDA:199,30,0,1
BRDA:203,31,0,0
BRDA:206,32,0,0
BRDA:212,33,0,4
BRDA:213,34,0,2
BRDA:220,35,0,1
BRDA:243,36,0,0
BRDA:266,37,0,1
BRDA:268,38,0,1
BRDA:172,39,0,2
BRDA:222,40,0,1
BRDA:223,41,0,2
BRDA:224,42,0,1
BRDA:228,43,0,0
BRDA:229,44,0,0
BRDA:230,45,0,0
BRDA:231,46,0,1
BRDA:236,47,0,1
BRDA:237,48,0,2
BRDA:238,49,0,1
BRDA:239,50,0,1
BRDA:269,51,0,1
BRDA:270,52,0,2
BRDA:271,53,0,1
BRDA:274,54,0,0
BRDA:276,55,0,1
BRDA:285,56,0,33
BRDA:286,57,0,2
BRDA:286,58,0,2
BRDA:319,59,0,10
BRDA:323,60,0,6
BRDA:330,61,0,5
BRDA:356,62,0,31
BRF:63
BRH:39
end_of_record
TN:
SF:src/pages/LoginPage.tsx
FN:6,DocIcon
FN:18,GoogleLogo
FN:29,ErrorIcon
FN:37,CheckIcon
FN:45,PasswordStrength
FN:72,LoginPage
FN:84,handleAuthSubmit
FN:123,handleGoogleLogin
FN:127,handleReset
FN:145,switchMode
FN:185,onChange
FN:195,onClick
FN:248,onChange
FN:253,onChange
FN:260,onChange
FN:267,onClick
FNF:16
FNH:10
FNDA:210,DocIcon
FNDA:105,GoogleLogo
FNDA:4,ErrorIcon
FNDA:0,CheckIcon
FNDA:71,PasswordStrength
FNDA:105,LoginPage
FNDA:6,handleAuthSubmit
FNDA:0,handleGoogleLogin
FNDA:0,handleReset
FNDA:3,switchMode
FNDA:0,onChange
FNDA:0,onClick
FNDA:19,onChange
FNDA:40,onChange
FNDA:26,onChange
FNDA:0,onClick
DA:1,1
DA:2,1
DA:3,1
DA:4,1
DA:5,1
DA:6,210
DA:7,210
DA:8,210
DA:9,210
DA:10,210
DA:11,210
DA:12,210
DA:13,210
DA:14,210
DA:15,210
DA:16,210
DA:17,1
DA:18,105
DA:19,105
DA:20,105
DA:21,105
DA:22,105
DA:23,105
DA:24,105
DA:25,105
DA:26,105
DA:27,105
DA:28,1
DA:29,4
DA:30,4
DA:31,4
DA:32,4
DA:33,4
DA:34,4
DA:35,4
DA:36,1
DA:37,0
DA:38,0
DA:39,0
DA:40,0
DA:41,0
DA:42,0
DA:43,0
DA:44,1
DA:45,71
DA:46,71
DA:47,32
DA:48,29
DA:49,29
DA:50,29
DA:51,29
DA:52,29
DA:53,29
DA:54,29
DA:55,0
DA:56,0
DA:57,0
DA:58,71
DA:59,71
DA:60,59
DA:61,59
DA:62,59
DA:63,59
DA:64,236
DA:65,59
DA:66,59
DA:67,59
DA:68,59
DA:69,59
DA:70,59
DA:71,1
DA:72,105
DA:73,105
DA:74,105
DA:75,105
DA:76,105
DA:77,105
DA:78,105
DA:79,105
DA:80,105
DA:81,105
DA:82,105
DA:83,105
DA:84,105
DA:85,6
DA:86,6
DA:87,1
DA:88,1
DA:89,1
DA:90,6
DA:91,1
DA:92,1
DA:93,1
DA:94,6
DA:95,1
DA:96,1
DA:97,1
DA:98,3
DA:99,3
DA:100,3
DA:101,6
DA:102,6
DA:103,6
DA:104,1
DA:105,1
DA:106,3
DA:107,3
DA:108,3
DA:109,3
DA:110,3
DA:111,3
DA:112,3
DA:113,6
DA:114,6
DA:115,2
DA:116,6
DA:117,1
DA:118,6
DA:119,3
DA:120,3
DA:121,6
DA:122,105
DA:123,105
DA:124,0
DA:125,0
DA:126,105
DA:127,105
DA:128,0
DA:129,0
DA:130,0
DA:131,0
DA:132,0
DA:133,0
DA:134,0
DA:135,0
DA:136,0
DA:137,0
DA:138,0
DA:139,0
DA:140,0
DA:141,0
DA:142,0
DA:143,0
DA:144,105
DA:145,105
DA:146,3
DA:147,3
DA:148,3
DA:149,3
DA:150,105
DA:151,105
DA:152,0
DA:153,0
DA:154,0
DA:155,0
DA:156,0
DA:157,0
DA:158,0
DA:159,0
DA:160,0
DA:161,0
DA:162,0
DA:163,0
DA:164,0
DA:165,0
DA:166,0
DA:167,0
DA:168,0
DA:169,0
DA:170,0
DA:171,0
DA:172,0
DA:173,0
DA:174,0
DA:175,0
DA:176,0
DA:177,0
DA:178,0
DA:179,0
DA:180,0
DA:181,0
DA:182,0
DA:183,0
DA:184,0
DA:185,0
DA:186,0
DA:187,0
DA:188,0
DA:189,0
DA:190,0
DA:191,0
DA:192,0
DA:193,0
DA:194,0
DA:195,0
DA:196,0
DA:197,0
DA:198,0
DA:199,0
DA:200,0
DA:201,0
DA:202,0
DA:203,0
DA:204,0
DA:205,0
DA:206,0
DA:207,105
DA:208,105
DA:209,105
DA:210,105
DA:211,105
DA:212,105
DA:213,105
DA:214,105
DA:215,105
DA:216,105
DA:217,105
DA:218,105
DA:219,105
DA:220,105
DA:221,105
DA:222,105
DA:223,34
DA:224,71
DA:225,105
DA:226,105
DA:227,105
DA:228,105
DA:229,105
DA:230,105
DA:231,105
DA:232,105
DA:233,105
DA:234,105
DA:235,105
DA:236,105
DA:237,105
DA:238,105
DA:239,105
DA:240,105
DA:241,105
DA:242,105
DA:243,105
DA:244,105
DA:245,105
DA:246,105
DA:247,105
DA:248,105
DA:249,105
DA:250,105
DA:251,105
DA:252,105
DA:253,105
DA:254,105
DA:255,105
DA:256,105
DA:257,105
DA:258,105
DA:259,71
DA:260,71
DA:261,71
DA:262,71
DA:263,105
DA:264,105
DA:265,105
DA:266,34
DA:267,34
DA:268,34
DA:269,105
DA:270,105
DA:271,105
DA:272,4
DA:273,4
DA:274,4
DA:275,4
DA:276,105
DA:277,105
DA:278,105
DA:279,105
DA:280,105
DA:281,105
DA:282,105
DA:283,105
DA:284,105
DA:285,105
DA:286,105
DA:287,105
DA:288,105
DA:289,105
DA:290,105
DA:291,105
DA:292,105
DA:293,105
DA:294,105
DA:295,105
DA:296,105
DA:297,105
DA:298,105
DA:299,105
DA:300,105
DA:301,105
DA:302,105
DA:303,105
DA:304,105
DA:305,105
DA:306,105
DA:307,105
LF:307
LH:224
BRDA:6,0,0,210
BRDA:18,1,0,105
BRDA:29,2,0,4
BRDA:45,3,0,71
BRDA:59,4,0,12
BRDA:59,5,0,59
BRDA:46,6,0,32
BRDA:47,7,0,3
BRDA:47,8,0,29
BRDA:49,9,0,2
BRDA:49,10,0,29
BRDA:50,11,0,0
BRDA:50,12,0,29
BRDA:51,13,0,0
BRDA:51,14,0,29
BRDA:52,15,0,20
BRDA:52,16,0,29
BRDA:53,17,0,0
BRDA:53,18,0,29
BRDA:54,19,0,0
BRDA:63,20,0,236
BRDA:64,21,0,59
BRDA:64,22,0,177
BRDA:72,23,0,105
BRDA:151,24,0,0
BRDA:219,25,0,34
BRDA:219,26,0,71
BRDA:222,27,0,34
BRDA:223,28,0,71
BRDA:240,29,0,34
BRDA:240,30,0,71
BRDA:243,31,0,34
BRDA:243,32,0,71
BRDA:255,33,0,71
BRDA:258,34,0,71
BRDA:265,35,0,34
BRDA:271,36,0,4
BRDA:280,37,0,34
BRDA:280,38,0,71
BRDA:283,39,0,3
BRDA:283,40,0,102
BRDA:84,41,0,6
BRDA:86,42,0,5
BRDA:86,43,0,1
BRDA:89,44,0,5
BRDA:90,45,0,3
BRDA:90,46,0,1
BRDA:93,47,0,4
BRDA:94,48,0,2
BRDA:94,49,0,1
BRDA:97,50,0,3
BRDA:101,51,0,2
BRDA:101,52,0,1
BRDA:103,53,0,1
BRDA:104,54,0,0
BRDA:105,55,0,3
BRDA:113,56,0,0
BRDA:113,57,0,1
BRDA:113,58,0,3
BRDA:114,59,0,1
BRDA:114,60,0,0
BRDA:114,61,0,0
BRDA:114,62,0,0
BRDA:114,63,0,2
BRDA:116,64,0,1
BRDA:117,65,0,0
BRDA:118,66,0,3
BRDA:145,67,0,3
BRDA:146,68,0,0
BRDA:248,69,0,19
BRDA:253,70,0,40
BRDA:260,71,0,26
BRF:72
BRH:60
end_of_record
